SF:C:\Users\achur\OneDrive\Documents\Programacion\Rust\wallet_project\common\src\lib.rs
FN:1,_RNvCsl62HRq4Su3p_6common4init
FNDA:0,_RNvCsl62HRq4Su3p_6common4init
FNF:1
FNH:0
DA:1,0
DA:2,0
DA:3,0
BRF:0
BRH:0
LF:3
LH:0
end_of_record
SF:C:\Users\achur\OneDrive\Documents\Programacion\Rust\wallet_project\transaction_service\src\api\error.rs
FN:21,_RNvXs_NtNtCshYfsMyf1ONS_19transaction_service3api5errorNtB4_8ApiErrorNtNtNtCs1rzvS2e3Skr_9axum_core8response13into_response12IntoResponse13into_response
FN:15,_RNvXNtNtCshYfsMyf1ONS_19transaction_service3api5errorNtB2_8ApiErrorINtNtCs8CEGv8KHL4Y_4core7convert4FromNtNtNtB6_6domain5error16TransactionErrorE4from
FNDA:0,_RNvXs_NtNtCshYfsMyf1ONS_19transaction_service3api5errorNtB4_8ApiErrorNtNtNtCs1rzvS2e3Skr_9axum_core8response13into_response12IntoResponse13into_response
FNDA:0,_RNvXNtNtCshYfsMyf1ONS_19transaction_service3api5errorNtB2_8ApiErrorINtNtCs8CEGv8KHL4Y_4core7convert4FromNtNtNtB6_6domain5error16TransactionErrorE4from
FNF:2
FNH:0
DA:15,0
DA:16,0
DA:17,0
DA:21,0
DA:22,0
DA:23,0
DA:24,0
DA:25,0
DA:26,0
DA:27,0
DA:28,0
DA:29,0
DA:30,0
DA:31,0
DA:32,0
DA:35,0
DA:36,0
DA:37,0
DA:38,0
DA:40,0
DA:41,0
BRF:0
BRH:0
LF:21
LH:0
end_of_record
SF:C:\Users\achur\OneDrive\Documents\Programacion\Rust\wallet_project\transaction_service\src\api\http_routes.rs
FN:74,_RNvNtNtCshYfsMyf1ONS_19transaction_service3api11http_routes18get_wallet_history
FN:44,_RNvNtNtCshYfsMyf1ONS_19transaction_service3api11http_routes20initiate_transaction
FN:63,_RNvNtNtCshYfsMyf1ONS_19transaction_service3api11http_routes23get_transaction_details
FN:25,_RNvNtNtCshYfsMyf1ONS_19transaction_service3api11http_routes6routes
FN:77,_RNCNvNtNtCshYfsMyf1ONS_19transaction_service3api11http_routes18get_wallet_history0B7_
FN:47,_RNCNvNtNtCshYfsMyf1ONS_19transaction_service3api11http_routes20initiate_transaction0B7_
FN:66,_RNCNvNtNtCshYfsMyf1ONS_19transaction_service3api11http_routes23get_transaction_details0B7_
FNDA:0,_RNvNtNtCshYfsMyf1ONS_19transaction_service3api11http_routes18get_wallet_history
FNDA:0,_RNvNtNtCshYfsMyf1ONS_19transaction_service3api11http_routes20initiate_transaction
FNDA:0,_RNvNtNtCshYfsMyf1ONS_19transaction_service3api11http_routes23get_transaction_details
FNDA:0,_RNvNtNtCshYfsMyf1ONS_19transaction_service3api11http_routes6routes
FNDA:0,_RNCNvNtNtCshYfsMyf1ONS_19transaction_service3api11http_routes18get_wallet_history0B7_
FNDA:0,_RNCNvNtNtCshYfsMyf1ONS_19transaction_service3api11http_routes20initiate_transaction0B7_
FNDA:0,_RNCNvNtNtCshYfsMyf1ONS_19transaction_service3api11http_routes23get_transaction_details0B7_
FNF:7
FNH:0
DA:25,0
DA:26,0
DA:27,0
DA:28,0
DA:29,0
DA:30,0
DA:31,0
DA:44,0
DA:45,0
DA:46,0
DA:47,0
DA:48,0
DA:49,0
DA:50,0
DA:51,0
DA:52,0
DA:53,0
DA:54,0
DA:55,0
DA:56,0
DA:58,0
DA:59,0
DA:63,0
DA:64,0
DA:65,0
DA:66,0
DA:67,0
DA:69,0
DA:70,0
DA:74,0
DA:75,0
DA:76,0
DA:77,0
DA:78,0
DA:80,0
DA:81,0
BRF:0
BRH:0
LF:39
LH:0
end_of_record
SF:C:\Users\achur\OneDrive\Documents\Programacion\Rust\wallet_project\transaction_service\src\api\response.rs
FN:10,_RNvMNtNtCshYfsMyf1ONS_19transaction_service3api8responseINtB2_11ApiResponseNtNtCsi2yG4E9i6WH_10serde_json5value5ValueE7successB6_
FNDA:0,_RNvMNtNtCshYfsMyf1ONS_19transaction_service3api8responseINtB2_11ApiResponseNtNtCsi2yG4E9i6WH_10serde_json5value5ValueE7successB6_
FNF:1
FNH:0
DA:10,0
DA:11,0
DA:12,0
DA:13,0
DA:14,0
DA:15,0
BRF:0
BRH:0
LF:6
LH:0
end_of_record
SF:C:\Users\achur\OneDrive\Documents\Programacion\Rust\wallet_project\transaction_service\src\bin\verify_db.rs
FN:21,_RNCNCNvCsaI74AUsHvnI_9verify_db4main00B5_
FN:30,_RNCNCNvCsaI74AUsHvnI_9verify_db4main0s_0B5_
FN:10,_RNCNvCsaI74AUsHvnI_9verify_db4main0B3_
FN:10,_RNvCsaI74AUsHvnI_9verify_db4main
FNDA:0,_RNCNCNvCsaI74AUsHvnI_9verify_db4main00B5_
FNDA:0,_RNCNCNvCsaI74AUsHvnI_9verify_db4main0s_0B5_
FNDA:0,_RNCNvCsaI74AUsHvnI_9verify_db4main0B3_
FNDA:0,_RNvCsaI74AUsHvnI_9verify_db4main
FNF:4
FNH:0
DA:10,0
DA:12,0
DA:14,0
DA:17,0
DA:18,0
DA:19,0
DA:20,0
DA:21,0
DA:23,0
DA:26,0
DA:27,0
DA:28,0
DA:29,0
DA:30,0
DA:31,0
DA:33,0
DA:36,0
DA:37,0
DA:38,0
DA:39,0
DA:40,0
DA:41,0
DA:42,0
DA:43,0
DA:44,0
DA:45,0
DA:47,0
DA:49,0
DA:50,0
DA:51,0
DA:52,0
DA:53,0
DA:54,0
DA:55,0
DA:56,0
DA:57,0
DA:58,0
DA:59,0
DA:60,0
DA:61,0
DA:62,0
DA:63,0
DA:64,0
DA:65,0
BRF:0
BRH:0
LF:61
LH:0
end_of_record
SF:C:\Users\achur\OneDrive\Documents\Programacion\Rust\wallet_project\transaction_service\src\domain\entities.rs
FN:97,_RNvNtNtNtCshYfsMyf1ONS_19transaction_service6domain8entities5testss_27test_create_deposit_success
FN:81,_RNvNtNtNtCshYfsMyf1ONS_19transaction_service6domain8entities5testss_28test_create_transfer_success
FN:124,_RNvNtNtNtCshYfsMyf1ONS_19transaction_service6domain8entities5testss_29test_create_same_wallet_error
FN:38,_RNvMNtNtCshYfsMyf1ONS_19transaction_service6domain8entitiesNtB2_11Transaction3new
FNDA:1,_RNvNtNtNtCshYfsMyf1ONS_19transaction_service6domain8entities5testss_27test_create_deposit_success
FNDA:1,_RNvNtNtNtCshYfsMyf1ONS_19transaction_service6domain8entities5testss_28test_create_transfer_success
FNDA:1,_RNvNtNtNtCshYfsMyf1ONS_19transaction_service6domain8entities5testss_29test_create_same_wallet_error
FNDA:7,_RNvMNtNtCshYfsMyf1ONS_19transaction_service6domain8entitiesNtB2_11Transaction3new
FNF:4
FNH:4
DA:38,7
DA:39,7
DA:40,7
DA:41,7
DA:42,7
DA:43,7
DA:45,7
DA:46,2
DA:47,5
DA:50,5
DA:51,4
DA:52,4
DA:53,1
DA:54,3
DA:55,3
DA:57,1
DA:61,4
DA:62,4
DA:63,4
DA:64,4
DA:65,4
DA:66,4
DA:67,4
DA:68,4
DA:69,4
DA:70,4
DA:71,7
DA:81,1
DA:82,1
DA:83,1
DA:84,1
DA:85,1
DA:87,1
DA:89,1
DA:90,1
DA:91,1
DA:92,1
DA:93,1
DA:94,1
DA:97,1
DA:98,1
DA:99,1
DA:100,1
DA:102,1
DA:104,1
DA:105,1
DA:106,1
DA:107,1
DA:124,1
DA:125,1
DA:126,1
DA:127,1
DA:129,1
DA:131,1
DA:132,1
BRF:0
BRH:0
LF:55
LH:55
end_of_record
SF:C:\Users\achur\OneDrive\Documents\Programacion\Rust\wallet_project\transaction_service\src\infrastructure\gateways\fake_wallet_gateway.rs
FN:12,_RNvMNtNtNtCshYfsMyf1ONS_19transaction_service14infrastructure8gateways19fake_wallet_gatewayNtB2_17FakeWalletGateway3new
FN:19,_RNvXs_NtNtNtCshYfsMyf1ONS_19transaction_service14infrastructure8gateways19fake_wallet_gatewayNtB4_17FakeWalletGatewayNtNtNtBa_6domain8gateways13WalletGateway16process_movement
FNDA:0,_RNvMNtNtNtCshYfsMyf1ONS_19transaction_service14infrastructure8gateways19fake_wallet_gatewayNtB2_17FakeWalletGateway3new
FNDA:0,_RNvXs_NtNtNtCshYfsMyf1ONS_19transaction_service14infrastructure8gateways19fake_wallet_gatewayNtB4_17FakeWalletGatewayNtNtNtBa_6domain8gateways13WalletGateway16process_movement
FNF:2
FNH:0
DA:12,0
DA:13,0
DA:14,0
DA:19,0
DA:34,0
BRF:0
BRH:0
LF:5
LH:0
end_of_record
SF:C:\Users\achur\OneDrive\Documents\Programacion\Rust\wallet_project\transaction_service\src\infrastructure\persistence\models.rs
FN:28,_RNvXNtNtNtCshYfsMyf1ONS_19transaction_service14infrastructure11persistence6modelsNtB2_16TransactionModelINtNtCs8CEGv8KHL4Y_4core7convert4FromRNtNtNtB8_6domain8entities11TransactionE4from
FN:46,_RNvXs_NtNtNtCshYfsMyf1ONS_19transaction_service14infrastructure11persistence6modelsNtNtNtBa_6domain8entities11TransactionINtNtCs8CEGv8KHL4Y_4core7convert4FromNtB4_16TransactionModelE4from
FNDA:0,_RNvXNtNtNtCshYfsMyf1ONS_19transaction_service14infrastructure11persistence6modelsNtB2_16TransactionModelINtNtCs8CEGv8KHL4Y_4core7convert4FromRNtNtNtB8_6domain8entities11TransactionE4from
FNDA:0,_RNvXs_NtNtNtCshYfsMyf1ONS_19transaction_service14infrastructure11persistence6modelsNtNtNtBa_6domain8entities11TransactionINtNtCs8CEGv8KHL4Y_4core7convert4FromNtB4_16TransactionModelE4from
FNF:2
FNH:0
DA:28,0
DA:29,0
DA:30,0
DA:31,0
DA:32,0
DA:33,0
DA:34,0
DA:35,0
DA:36,0
DA:37,0
DA:38,0
DA:39,0
DA:46,0
DA:47,0
DA:48,0
DA:49,0
DA:50,0
DA:51,0
DA:52,0
DA:53,0
DA:54,0
DA:55,0
DA:56,0
DA:57,0
BRF:0
BRH:0
LF:24
LH:0
end_of_record
SF:C:\Users\achur\OneDrive\Documents\Programacion\Rust\wallet_project\transaction_service\src\infrastructure\persistence\transaction_repository.rs
FN:101,_RNCNCNvXs_NtNtNtCshYfsMyf1ONS_19transaction_service14infrastructure11persistence22transaction_repositoryNtB8_29PostgresTransactionRepositoryNtNtNtBe_6domain10repository21TransactionRepository10find_by_id00Be_
FN:128,_RNCNCNvXs_NtNtNtCshYfsMyf1ONS_19transaction_service14infrastructure11persistence22transaction_repositoryNtB8_29PostgresTransactionRepositoryNtNtNtBe_6domain10repository21TransactionRepository17find_by_wallet_id00Be_
FN:151,_RNCNCNvXs_NtNtNtCshYfsMyf1ONS_19transaction_service14infrastructure11persistence22transaction_repositoryNtB8_29PostgresTransactionRepositoryNtNtNtBe_6domain10repository21TransactionRepository22find_by_correlation_id00Be_
FN:176,_RNCNCNvXs_NtNtNtCshYfsMyf1ONS_19transaction_service14infrastructure11persistence22transaction_repositoryNtB8_29PostgresTransactionRepositoryNtNtNtBe_6domain10repository21TransactionRepository23find_pending_older_than00Be_
FN:60,_RNCNCNvXs_NtNtNtCshYfsMyf1ONS_19transaction_service14infrastructure11persistence22transaction_repositoryNtB8_29PostgresTransactionRepositoryNtNtNtBe_6domain10repository21TransactionRepository4save00Be_
FN:86,_RNCNCNvXs_NtNtNtCshYfsMyf1ONS_19transaction_service14infrastructure11persistence22transaction_repositoryNtB8_29PostgresTransactionRepositoryNtNtNtBe_6domain10repository21TransactionRepository6update00Be_
FN:21,_RNvMNtNtNtCshYfsMyf1ONS_19transaction_service14infrastructure11persistence22transaction_repositoryNtB2_29PostgresTransactionRepository3new
FN:95,_RNvXs_NtNtNtCshYfsMyf1ONS_19transaction_service14infrastructure11persistence22transaction_repositoryNtB4_29PostgresTransactionRepositoryNtNtNtBa_6domain10repository21TransactionRepository10find_by_id
FN:117,_RNvXs_NtNtNtCshYfsMyf1ONS_19transaction_service14infrastructure11persistence22transaction_repositoryNtB4_29PostgresTransactionRepositoryNtNtNtBa_6domain10repository21TransactionRepository17find_by_wallet_id
FN:144,_RNvXs_NtNtNtCshYfsMyf1ONS_19transaction_service14infrastructure11persistence22transaction_repositoryNtB4_29PostgresTransactionRepositoryNtNtNtBa_6domain10repository21TransactionRepository22find_by_correlation_id
FN:164,_RNvXs_NtNtNtCshYfsMyf1ONS_19transaction_service14infrastructure11persistence22transaction_repositoryNtB4_29PostgresTransactionRepositoryNtNtNtBa_6domain10repository21TransactionRepository23find_pending_older_than
FN:35,_RNvXs_NtNtNtCshYfsMyf1ONS_19transaction_service14infrastructure11persistence22transaction_repositoryNtB4_29PostgresTransactionRepositoryNtNtNtBa_6domain10repository21TransactionRepository4save
FN:70,_RNvXs_NtNtNtCshYfsMyf1ONS_19transaction_service14infrastructure11persistence22transaction_repositoryNtB4_29PostgresTransactionRepositoryNtNtNtBa_6domain10repository21TransactionRepository6update
FNDA:0,_RNCNCNvXs_NtNtNtCshYfsMyf1ONS_19transaction_service14infrastructure11persistence22transaction_repositoryNtB8_29PostgresTransactionRepositoryNtNtNtBe_6domain10repository21TransactionRepository10find_by_id00Be_
FNDA:0,_RNCNCNvXs_NtNtNtCshYfsMyf1ONS_19transaction_service14infrastructure11persistence22transaction_repositoryNtB8_29PostgresTransactionRepositoryNtNtNtBe_6domain10repository21TransactionRepository17find_by_wallet_id00Be_
FNDA:0,_RNCNCNvXs_NtNtNtCshYfsMyf1ONS_19transaction_service14infrastructure11persistence22transaction_repositoryNtB8_29PostgresTransactionRepositoryNtNtNtBe_6domain10repository21TransactionRepository22find_by_correlation_id00Be_
FNDA:0,_RNCNCNvXs_NtNtNtCshYfsMyf1ONS_19transaction_service14infrastructure11persistence22transaction_repositoryNtB8_29PostgresTransactionRepositoryNtNtNtBe_6domain10repository21TransactionRepository23find_pending_older_than00Be_
FNDA:0,_RNCNCNvXs_NtNtNtCshYfsMyf1ONS_19transaction_service14infrastructure11persistence22transaction_repositoryNtB8_29PostgresTransactionRepositoryNtNtNtBe_6domain10repository21TransactionRepository4save00Be_
FNDA:0,_RNCNCNvXs_NtNtNtCshYfsMyf1ONS_19transaction_service14infrastructure11persistence22transaction_repositoryNtB8_29PostgresTransactionRepositoryNtNtNtBe_6domain10repository21TransactionRepository6update00Be_
FNDA:0,_RNvMNtNtNtCshYfsMyf1ONS_19transaction_service14infrastructure11persistence22transaction_repositoryNtB2_29PostgresTransactionRepository3new
FNDA:0,_RNvXs_NtNtNtCshYfsMyf1ONS_19transaction_service14infrastructure11persistence22transaction_repositoryNtB4_29PostgresTransactionRepositoryNtNtNtBa_6domain10repository21TransactionRepository10find_by_id
FNDA:0,_RNvXs_NtNtNtCshYfsMyf1ONS_19transaction_service14infrastructure11persistence22transaction_repositoryNtB4_29PostgresTransactionRepositoryNtNtNtBa_6domain10repository21TransactionRepository17find_by_wallet_id
FNDA:0,_RNvXs_NtNtNtCshYfsMyf1ONS_19transaction_service14infrastructure11persistence22transaction_repositoryNtB4_29PostgresTransactionRepositoryNtNtNtBa_6domain10repository21TransactionRepository22find_by_correlation_id
FNDA:0,_RNvXs_NtNtNtCshYfsMyf1ONS_19transaction_service14infrastructure11persistence22transaction_repositoryNtB4_29PostgresTransactionRepositoryNtNtNtBa_6domain10repository21TransactionRepository23find_pending_older_than
FNDA:0,_RNvXs_NtNtNtCshYfsMyf1ONS_19transaction_service14infrastructure11persistence22transaction_repositoryNtB4_29PostgresTransactionRepositoryNtNtNtBa_6domain10repository21TransactionRepository4save
FNDA:0,_RNvXs_NtNtNtCshYfsMyf1ONS_19transaction_service14infrastructure11persistence22transaction_repositoryNtB4_29PostgresTransactionRepositoryNtNtNtBa_6domain10repository21TransactionRepository6update
FNF:13
FNH:0
DA:21,0
DA:22,0
DA:23,0
DA:35,0
DA:60,0
DA:64,0
DA:70,0
DA:86,0
DA:92,0
DA:95,0
DA:101,0
DA:108,0
DA:117,0
DA:128,0
DA:136,0
DA:144,0
DA:151,0
DA:158,0
DA:164,0
DA:176,0
DA:184,0
BRF:0
BRH:0
LF:21
LH:0
end_of_record
SF:C:\Users\achur\OneDrive\Documents\Programacion\Rust\wallet_project\transaction_service\src\jobs\retry.rs
FN:29,_RNCNvMNtNtCshYfsMyf1ONS_19transaction_service4jobs5retryNtB4_25RetryFailedTransactionJob3run0B8_
FN:18,_RNvMNtNtCshYfsMyf1ONS_19transaction_service4jobs5retryNtB2_25RetryFailedTransactionJob3new
FN:29,_RNvMNtNtCshYfsMyf1ONS_19transaction_service4jobs5retryNtB2_25RetryFailedTransactionJob3run
FNDA:0,_RNCNvMNtNtCshYfsMyf1ONS_19transaction_service4jobs5retryNtB4_25RetryFailedTransactionJob3run0B8_
FNDA:0,_RNvMNtNtCshYfsMyf1ONS_19transaction_service4jobs5retryNtB2_25RetryFailedTransactionJob3new
FNDA:0,_RNvMNtNtCshYfsMyf1ONS_19transaction_service4jobs5retryNtB2_25RetryFailedTransactionJob3run
FNF:3
FNH:0
DA:18,0
DA:19,0
DA:20,0
DA:21,0
DA:22,0
DA:23,0
DA:24,0
DA:25,0
DA:26,0
DA:29,0
DA:30,0
DA:34,0
DA:36,0
DA:37,0
DA:38,0
DA:39,0
DA:41,0
DA:42,0
DA:43,0
DA:44,0
DA:46,0
DA:48,0
DA:51,0
DA:52,0
DA:58,0
DA:60,0
DA:61,0
DA:64,0
DA:65,0
DA:67,0
DA:69,0
DA:73,0
DA:78,0
DA:79,0
DA:84,0
DA:88,0
DA:89,0
DA:92,0
BRF:0
BRH:0
LF:39
LH:0
end_of_record
SF:C:\Users\achur\OneDrive\Documents\Programacion\Rust\wallet_project\transaction_service\src\main.rs
FN:64,_RNCNCNvCsgFKMraUqin4_19transaction_service4main00B5_
FN:72,_RNCNCNvCsgFKMraUqin4_19transaction_service4main0s0_0B5_
FN:65,_RNCNCNvCsgFKMraUqin4_19transaction_service4main0s_0B5_
FN:21,_RNCNvCsgFKMraUqin4_19transaction_service4main0B3_
FN:21,_RNvCsgFKMraUqin4_19transaction_service4main
FNDA:0,_RNCNCNvCsgFKMraUqin4_19transaction_service4main00B5_
FNDA:0,_RNCNCNvCsgFKMraUqin4_19transaction_service4main0s0_0B5_
FNDA:0,_RNCNCNvCsgFKMraUqin4_19transaction_service4main0s_0B5_
FNDA:0,_RNCNvCsgFKMraUqin4_19transaction_service4main0B3_
FNDA:0,_RNvCsgFKMraUqin4_19transaction_service4main
FNF:5
FNH:0
DA:21,0
DA:23,0
DA:26,0
DA:27,0
DA:28,0
DA:29,0
DA:31,0
DA:34,0
DA:35,0
DA:36,0
DA:37,0
DA:38,0
DA:40,0
DA:43,0
DA:45,0
DA:48,0
DA:49,0
DA:50,0
DA:51,0
DA:52,0
DA:55,0
DA:56,0
DA:57,0
DA:58,0
DA:59,0
DA:62,0
DA:64,0
DA:65,0
DA:66,0
DA:69,0
DA:70,0
DA:72,0
DA:74,0
DA:75,0
DA:76,0
DA:78,0
DA:81,0
DA:82,0
DA:86,0
DA:88,0
DA:89,0
DA:91,0
DA:92,0
BRF:0
BRH:0
LF:48
LH:0
end_of_record
SF:C:\Users\achur\OneDrive\Documents\Programacion\Rust\wallet_project\transaction_service\src\use_cases\get_transaction_details.rs
FN:36,_RNvMNtNtCshYfsMyf1ONS_19transaction_service9use_cases23get_transaction_detailsNtB2_28GetTransactionDetailsUseCase7execute
FN:21,_RNvMNtNtCshYfsMyf1ONS_19transaction_service9use_cases23get_transaction_detailsNtB2_28GetTransactionDetailsUseCase3new
FN:36,_RNCNvMNtNtCshYfsMyf1ONS_19transaction_service9use_cases23get_transaction_detailsNtB4_28GetTransactionDetailsUseCase7execute0B8_
FNDA:0,_RNvMNtNtCshYfsMyf1ONS_19transaction_service9use_cases23get_transaction_detailsNtB2_28GetTransactionDetailsUseCase7execute
FNDA:0,_RNvMNtNtCshYfsMyf1ONS_19transaction_service9use_cases23get_transaction_detailsNtB2_28GetTransactionDetailsUseCase3new
FNDA:0,_RNCNvMNtNtCshYfsMyf1ONS_19transaction_service9use_cases23get_transaction_detailsNtB4_28GetTransactionDetailsUseCase7execute0B8_
FNF:3
FNH:0
DA:21,0
DA:22,0
DA:23,0
DA:36,0
DA:41,0
BRF:0
BRH:0
LF:6
LH:0
end_of_record
SF:C:\Users\achur\OneDrive\Documents\Programacion\Rust\wallet_project\transaction_service\src\use_cases\get_wallet_history.rs
FN:37,_RNvMNtNtCshYfsMyf1ONS_19transaction_service9use_cases18get_wallet_historyNtB2_23GetWalletHistoryUseCase7execute
FN:22,_RNvMNtNtCshYfsMyf1ONS_19transaction_service9use_cases18get_wallet_historyNtB2_23GetWalletHistoryUseCase3new
FN:37,_RNCNvMNtNtCshYfsMyf1ONS_19transaction_service9use_cases18get_wallet_historyNtB4_23GetWalletHistoryUseCase7execute0B8_
FNDA:0,_RNvMNtNtCshYfsMyf1ONS_19transaction_service9use_cases18get_wallet_historyNtB2_23GetWalletHistoryUseCase7execute
FNDA:0,_RNvMNtNtCshYfsMyf1ONS_19transaction_service9use_cases18get_wallet_historyNtB2_23GetWalletHistoryUseCase3new
FNDA:0,_RNCNvMNtNtCshYfsMyf1ONS_19transaction_service9use_cases18get_wallet_historyNtB4_23GetWalletHistoryUseCase7execute0B8_
FNF:3
FNH:0
DA:22,0
DA:23,0
DA:24,0
DA:37,0
DA:39,0
BRF:0
BRH:0
LF:6
LH:0
end_of_record
SF:C:\Users\achur\OneDrive\Documents\Programacion\Rust\wallet_project\transaction_service\src\use_cases\process_transaction.rs
FN:139,_RINvMs4_NtNtNtNtNtCshYfsMyf1ONS_19transaction_service9use_cases19process_transaction5tests58___mock_MockTransactionRepositoryImpl_TransactionRepository19___find_by_wallet_idNtB6_6Common15verify_sequenceNCNvMs6_B6_NtB6_11Expectation4call0EBg_
FN:139,_RINvMs4_NtNtNtNtNtCshYfsMyf1ONS_19transaction_service9use_cases19process_transaction5tests58___mock_MockTransactionRepositoryImpl_TransactionRepository19___find_by_wallet_idNtB6_6Common4callNCNvMs6_B6_NtB6_11Expectation4call0EBg_
FN:127,_RNCINvMs4_NtNtNtNtNtCshYfsMyf1ONS_19transaction_service9use_cases19process_transaction5tests58___mock_MockTransactionRepositoryImpl_TransactionRepository19___find_by_wallet_idNtB8_6Common4callNCNvMs6_B8_NtB8_11Expectation4call0E0Bi_
FN:139,_RNCNvMs0_NtNtNtNtNtCshYfsMyf1ONS_19transaction_service9use_cases19process_transaction5tests58___mock_MockTransactionRepositoryImpl_TransactionRepository19___find_by_wallet_idNtB7_7Matcher7matches0Bh_
FN:127,_RNCNvMs6_NtNtNtNtNtCshYfsMyf1ONS_19transaction_service9use_cases19process_transaction5tests58___mock_MockTransactionRepositoryImpl_TransactionRepository19___find_by_wallet_idNtB7_11Expectation4call0Bh_
FN:127,_RNCNvMs6_NtNtNtNtNtCshYfsMyf1ONS_19transaction_service9use_cases19process_transaction5tests58___mock_MockTransactionRepositoryImpl_TransactionRepository19___find_by_wallet_idNtB7_11Expectation4calls_0Bh_
FN:139,_RNCNvMsa_NtNtNtNtNtCshYfsMyf1ONS_19transaction_service9use_cases19process_transaction5tests58___mock_MockTransactionRepositoryImpl_TransactionRepository19___find_by_wallet_idNtB7_12Expectations4call0Bh_
FN:127,_RNCNvMsa_NtNtNtNtNtCshYfsMyf1ONS_19transaction_service9use_cases19process_transaction5tests58___mock_MockTransactionRepositoryImpl_TransactionRepository19___find_by_wallet_idNtB7_12Expectations4calls_0Bh_
FN:210,_RNCNCNvNtNtNtCshYfsMyf1ONS_19transaction_service9use_cases19process_transaction5testss_32test_process_transaction_success00Bb_
FN:224,_RNCNCNvNtNtNtCshYfsMyf1ONS_19transaction_service9use_cases19process_transaction5testss_32test_process_transaction_success0s1_0Bb_
FN:228,_RNCNCNvNtNtNtCshYfsMyf1ONS_19transaction_service9use_cases19process_transaction5testss_32test_process_transaction_success0s2_0Bb_
FN:213,_RNCNCNvNtNtNtCshYfsMyf1ONS_19transaction_service9use_cases19process_transaction5testss_32test_process_transaction_success0s_0Bb_
FN:173,_RNCNCNvNtNtNtCshYfsMyf1ONS_19transaction_service9use_cases19process_transaction5testss_36test_process_transaction_idempotency00Bb_
FN:255,_RNCNCNvNtNtNtCshYfsMyf1ONS_19transaction_service9use_cases19process_transaction5testss_40test_process_transaction_gateway_failure00Bb_
FN:266,_RNCNCNvNtNtNtCshYfsMyf1ONS_19transaction_service9use_cases19process_transaction5testss_40test_process_transaction_gateway_failure0s1_0Bb_
FN:270,_RNCNCNvNtNtNtCshYfsMyf1ONS_19transaction_service9use_cases19process_transaction5testss_40test_process_transaction_gateway_failure0s2_0Bb_
FN:256,_RNCNCNvNtNtNtCshYfsMyf1ONS_19transaction_service9use_cases19process_transaction5testss_40test_process_transaction_gateway_failure0s_0Bb_
FN:195,_RNCNvNtNtNtCshYfsMyf1ONS_19transaction_service9use_cases19process_transaction5testss_32test_process_transaction_success0B9_
FN:151,_RNCNvNtNtNtCshYfsMyf1ONS_19transaction_service9use_cases19process_transaction5testss_36test_process_transaction_idempotency0B9_
FN:243,_RNCNvNtNtNtCshYfsMyf1ONS_19transaction_service9use_cases19process_transaction5testss_40test_process_transaction_gateway_failure0B9_
FN:139,_RINvMs4_NtNtNtNtNtCshYfsMyf1ONS_19transaction_service9use_cases19process_transaction5tests58___mock_MockTransactionRepositoryImpl_TransactionRepository8___updateNtB6_6Common15verify_sequenceNCNvMs6_B6_NtB6_11Expectation4call0EBg_
FN:139,_RINvMs4_NtNtNtNtNtCshYfsMyf1ONS_19transaction_service9use_cases19process_transaction5tests58___mock_MockTransactionRepositoryImpl_TransactionRepository8___updateNtB6_6Common4callNCNvMs6_B6_NtB6_11Expectation4call0EBg_
FN:139,_RINvMs4_NtNtNtNtNtCshYfsMyf1ONS_19transaction_service9use_cases19process_transaction5tests58___mock_MockTransactionRepositoryImpl_TransactionRepository8___updateNtB6_6Common4withINtNtCs3yJXAUNYaTE_10predicates8function11FnPredicateNCNCNvBa_s_32test_process_transaction_success0s1_0NtNtNtBg_6domain8entities11TransactionEEBg_
FN:139,_RINvMs4_NtNtNtNtNtCshYfsMyf1ONS_19transaction_service9use_cases19process_transaction5tests58___mock_MockTransactionRepositoryImpl_TransactionRepository8___updateNtB6_6Common4withINtNtCs3yJXAUNYaTE_10predicates8function11FnPredicateNCNCNvBa_s_40test_process_transaction_gateway_failure0s1_0NtNtNtBg_6domain8entities11TransactionEEBg_
FN:139,_RINvMs4_NtNtNtNtNtCshYfsMyf1ONS_19transaction_service9use_cases19process_transaction5tests58___mock_MockTransactionRepositoryImpl_TransactionRepository8___updateNtB6_6Common5timesjEBg_
FN:139,_RINvMs6_NtNtNtNtNtCshYfsMyf1ONS_19transaction_service9use_cases19process_transaction5tests58___mock_MockTransactionRepositoryImpl_TransactionRepository8___updateNtB6_11Expectation4withINtNtCs3yJXAUNYaTE_10predicates8function11FnPredicateNCNCNvBa_s_32test_process_transaction_success0s1_0NtNtNtBg_6domain8entities11TransactionEEBg_
FN:139,_RINvMs6_NtNtNtNtNtCshYfsMyf1ONS_19transaction_service9use_cases19process_transaction5tests58___mock_MockTransactionRepositoryImpl_TransactionRepository8___updateNtB6_11Expectation4withINtNtCs3yJXAUNYaTE_10predicates8function11FnPredicateNCNCNvBa_s_40test_process_transaction_gateway_failure0s1_0NtNtNtBg_6domain8entities11TransactionEEBg_
FN:139,_RINvMs6_NtNtNtNtNtCshYfsMyf1ONS_19transaction_service9use_cases19process_transaction5tests58___mock_MockTransactionRepositoryImpl_TransactionRepository8___updateNtB6_11Expectation5timesjEBg_
FN:139,_RINvMs6_NtNtNtNtNtCshYfsMyf1ONS_19transaction_service9use_cases19process_transaction5tests58___mock_MockTransactionRepositoryImpl_TransactionRepository8___updateNtB6_11Expectation9returningNCNCNvBa_s_32test_process_transaction_success0s2_0EBg_
FN:139,_RINvMs6_NtNtNtNtNtCshYfsMyf1ONS_19transaction_service9use_cases19process_transaction5tests58___mock_MockTransactionRepositoryImpl_TransactionRepository8___updateNtB6_11Expectation9returningNCNCNvBa_s_40test_process_transaction_gateway_failure0s2_0EBg_
FN:127,_RNCINvMs4_NtNtNtNtNtCshYfsMyf1ONS_19transaction_service9use_cases19process_transaction5tests58___mock_MockTransactionRepositoryImpl_TransactionRepository8___updateNtB8_6Common4callNCNvMs6_B8_NtB8_11Expectation4call0E0Bi_
FN:139,_RNCNvMs0_NtNtNtNtNtCshYfsMyf1ONS_19transaction_service9use_cases19process_transaction5tests58___mock_MockTransactionRepositoryImpl_TransactionRepository8___updateNtB7_7Matcher7matches0Bh_
FN:127,_RNCNvMs6_NtNtNtNtNtCshYfsMyf1ONS_19transaction_service9use_cases19process_transaction5tests58___mock_MockTransactionRepositoryImpl_TransactionRepository8___updateNtB7_11Expectation4call0Bh_
FN:127,_RNCNvMs6_NtNtNtNtNtCshYfsMyf1ONS_19transaction_service9use_cases19process_transaction5tests58___mock_MockTransactionRepositoryImpl_TransactionRepository8___updateNtB7_11Expectation4calls_0Bh_
FN:139,_RNCNvMsa_NtNtNtNtNtCshYfsMyf1ONS_19transaction_service9use_cases19process_transaction5tests58___mock_MockTransactionRepositoryImpl_TransactionRepository8___updateNtB7_12Expectations4call0Bh_
FN:127,_RNCNvMsa_NtNtNtNtNtCshYfsMyf1ONS_19transaction_service9use_cases19process_transaction5tests58___mock_MockTransactionRepositoryImpl_TransactionRepository8___updateNtB7_12Expectations4calls_0Bh_
FN:139,_RNvMs1_NtNtNtCshYfsMyf1ONS_19transaction_service9use_cases19process_transaction5testsNtB5_29MockTransactionRepositoryImpl3new
FN:139,_RNvMs2_NtNtNtCshYfsMyf1ONS_19transaction_service9use_cases19process_transaction5testsNtB5_29MockTransactionRepositoryImpl11expect_save
FN:139,_RNvMs2_NtNtNtCshYfsMyf1ONS_19transaction_service9use_cases19process_transaction5testsNtB5_29MockTransactionRepositoryImpl13expect_update
FN:139,_RNvMs2_NtNtNtCshYfsMyf1ONS_19transaction_service9use_cases19process_transaction5testsNtB5_29MockTransactionRepositoryImpl29expect_find_by_correlation_id
FN:148,_RNvMs7_NtNtNtCshYfsMyf1ONS_19transaction_service9use_cases19process_transaction5testsNtB5_21MockWalletGatewayImpl3new
FN:148,_RNvMs8_NtNtNtCshYfsMyf1ONS_19transaction_service9use_cases19process_transaction5testsNtB5_21MockWalletGatewayImpl23expect_process_movement
FN:195,_RNvNtNtNtCshYfsMyf1ONS_19transaction_service9use_cases19process_transaction5testss_32test_process_transaction_success
FN:151,_RNvNtNtNtCshYfsMyf1ONS_19transaction_service9use_cases19process_transaction5testss_36test_process_transaction_idempotency
FN:243,_RNvNtNtNtCshYfsMyf1ONS_19transaction_service9use_cases19process_transaction5testss_40test_process_transaction_gateway_failure
FN:139,_RNvXNtNtNtCshYfsMyf1ONS_19transaction_service9use_cases19process_transaction5testsNtB2_29MockTransactionRepositoryImplNtNtCs8CEGv8KHL4Y_4core7default7Default7default
FN:139,_RNvXs3_NtNtNtCshYfsMyf1ONS_19transaction_service9use_cases19process_transaction5testsNtB5_29MockTransactionRepositoryImplNtNtNtBb_6domain10repository21TransactionRepository10find_by_id
FN:139,_RNvXs3_NtNtNtCshYfsMyf1ONS_19transaction_service9use_cases19process_transaction5testsNtB5_29MockTransactionRepositoryImplNtNtNtBb_6domain10repository21TransactionRepository17find_by_wallet_id
FN:139,_RNvXs3_NtNtNtCshYfsMyf1ONS_19transaction_service9use_cases19process_transaction5testsNtB5_29MockTransactionRepositoryImplNtNtNtBb_6domain10repository21TransactionRepository22find_by_correlation_id
FN:139,_RNvXs3_NtNtNtCshYfsMyf1ONS_19transaction_service9use_cases19process_transaction5testsNtB5_29MockTransactionRepositoryImplNtNtNtBb_6domain10repository21TransactionRepository23find_pending_older_than
FN:139,_RNvXs3_NtNtNtCshYfsMyf1ONS_19transaction_service9use_cases19process_transaction5testsNtB5_29MockTransactionRepositoryImplNtNtNtBb_6domain10repository21TransactionRepository4save
FN:139,_RNvXs3_NtNtNtCshYfsMyf1ONS_19transaction_service9use_cases19process_transaction5testsNtB5_29MockTransactionRepositoryImplNtNtNtBb_6domain10repository21TransactionRepository6update
FN:148,_RNvXs4_NtNtNtCshYfsMyf1ONS_19transaction_service9use_cases19process_transaction5testsNtB5_21MockWalletGatewayImplNtNtCs8CEGv8KHL4Y_4core7default7Default7default
FN:148,_RNvXs5_NtNtNtCshYfsMyf1ONS_19transaction_service9use_cases19process_transaction5testsNtB5_35MockWalletGatewayImpl_WalletGatewayNtNtCs8CEGv8KHL4Y_4core7default7Default7default
FN:148,_RNvXs9_NtNtNtCshYfsMyf1ONS_19transaction_service9use_cases19process_transaction5testsNtB5_21MockWalletGatewayImplNtNtNtBb_6domain8gateways13WalletGateway16process_movement
FN:139,_RNvXs_NtNtNtCshYfsMyf1ONS_19transaction_service9use_cases19process_transaction5testsNtB4_51MockTransactionRepositoryImpl_TransactionRepositoryNtNtCs8CEGv8KHL4Y_4core7default7Default7default
FN:139,_RNvMNtNtNtNtNtCshYfsMyf1ONS_19transaction_service9use_cases19process_transaction5tests58___mock_MockTransactionRepositoryImpl_TransactionRepository8___updateNtB2_5Rfunc8call_mut
FN:139,_RNvMs0_NtNtNtNtNtCshYfsMyf1ONS_19transaction_service9use_cases19process_transaction5tests58___mock_MockTransactionRepositoryImpl_TransactionRepository8___updateNtB5_7Matcher7matches
FN:139,_RNvMs4_NtNtNtNtNtCshYfsMyf1ONS_19transaction_service9use_cases19process_transaction5tests58___mock_MockTransactionRepositoryImpl_TransactionRepository8___updateNtB5_6Common15called_sequence
FN:139,_RNvMs4_NtNtNtNtNtCshYfsMyf1ONS_19transaction_service9use_cases19process_transaction5tests58___mock_MockTransactionRepositoryImpl_TransactionRepository8___updateNtB5_6Common16satisfy_sequence
FN:139,_RNvMs4_NtNtNtNtNtCshYfsMyf1ONS_19transaction_service9use_cases19process_transaction5tests58___mock_MockTransactionRepositoryImpl_TransactionRepository8___updateNtB5_6Common19is_history_sequence
FN:139,_RNvMs4_NtNtNtNtNtCshYfsMyf1ONS_19transaction_service9use_cases19process_transaction5tests58___mock_MockTransactionRepositoryImpl_TransactionRepository8___updateNtB5_6Common7is_done
FN:139,_RNvMs4_NtNtNtNtNtCshYfsMyf1ONS_19transaction_service9use_cases19process_transaction5tests58___mock_MockTransactionRepositoryImpl_TransactionRepository8___updateNtB5_6Common7matches
FN:139,_RNvMs6_NtNtNtNtNtCshYfsMyf1ONS_19transaction_service9use_cases19process_transaction5tests58___mock_MockTransactionRepositoryImpl_TransactionRepository8___updateNtB5_11Expectation4call
FN:139,_RNvMs6_NtNtNtNtNtCshYfsMyf1ONS_19transaction_service9use_cases19process_transaction5tests58___mock_MockTransactionRepositoryImpl_TransactionRepository8___updateNtB5_11Expectation7is_done
FN:139,_RNvMs6_NtNtNtNtNtCshYfsMyf1ONS_19transaction_service9use_cases19process_transaction5tests58___mock_MockTransactionRepositoryImpl_TransactionRepository8___updateNtB5_11Expectation7matches
FN:139,_RNvMs8_NtNtNtNtNtCshYfsMyf1ONS_19transaction_service9use_cases19process_transaction5tests58___mock_MockTransactionRepositoryImpl_TransactionRepository8___updateNtB5_12Expectations3new
FN:139,_RNvMs8_NtNtNtNtNtCshYfsMyf1ONS_19transaction_service9use_cases19process_transaction5tests58___mock_MockTransactionRepositoryImpl_TransactionRepository8___updateNtB5_12Expectations6expect
FN:139,_RNvMsa_NtNtNtNtNtCshYfsMyf1ONS_19transaction_service9use_cases19process_transaction5tests58___mock_MockTransactionRepositoryImpl_TransactionRepository8___updateNtB5_12Expectations4call
FN:139,_RNvXs1_NtNtNtNtNtCshYfsMyf1ONS_19transaction_service9use_cases19process_transaction5tests58___mock_MockTransactionRepositoryImpl_TransactionRepository8___updateNtB5_7MatcherNtNtCs8CEGv8KHL4Y_4core7default7Default7default
FN:139,_RNvXs2_NtNtNtNtNtCshYfsMyf1ONS_19transaction_service9use_cases19process_transaction5tests58___mock_MockTransactionRepositoryImpl_TransactionRepository8___updateNtB5_7MatcherNtNtCs8CEGv8KHL4Y_4core3fmt7Display3fmt
FN:139,_RNvXs3_NtNtNtNtNtCshYfsMyf1ONS_19transaction_service9use_cases19process_transaction5tests58___mock_MockTransactionRepositoryImpl_TransactionRepository8___updateNtB5_6CommonNtNtCs8CEGv8KHL4Y_4core7default7Default7default
FN:139,_RNvXs7_NtNtNtNtNtCshYfsMyf1ONS_19transaction_service9use_cases19process_transaction5tests58___mock_MockTransactionRepositoryImpl_TransactionRepository8___updateNtB5_11ExpectationNtNtCs8CEGv8KHL4Y_4core7default7Default7default
FN:139,_RNvXs9_NtNtNtNtNtCshYfsMyf1ONS_19transaction_service9use_cases19process_transaction5tests58___mock_MockTransactionRepositoryImpl_TransactionRepository8___updateNtB5_12ExpectationsNtNtCs8CEGv8KHL4Y_4core7default7Default7default
FN:139,_RNvXs_NtNtNtNtNtCshYfsMyf1ONS_19transaction_service9use_cases19process_transaction5tests58___mock_MockTransactionRepositoryImpl_TransactionRepository8___updateNtB4_5RfuncNtNtCs8CEGv8KHL4Y_4core7default7Default7default
FN:139,_RNvMNtNtNtNtNtCshYfsMyf1ONS_19transaction_service9use_cases19process_transaction5tests58___mock_MockTransactionRepositoryImpl_TransactionRepository24___find_by_correlation_idNtB2_5Rfunc8call_mut
FN:139,_RNvMs0_NtNtNtNtNtCshYfsMyf1ONS_19transaction_service9use_cases19process_transaction5tests58___mock_MockTransactionRepositoryImpl_TransactionRepository24___find_by_correlation_idNtB5_7Matcher7matches
FN:139,_RNvMs4_NtNtNtNtNtCshYfsMyf1ONS_19transaction_service9use_cases19process_transaction5tests58___mock_MockTransactionRepositoryImpl_TransactionRepository24___find_by_correlation_idNtB5_6Common15called_sequence
FN:139,_RNvMs4_NtNtNtNtNtCshYfsMyf1ONS_19transaction_service9use_cases19process_transaction5tests58___mock_MockTransactionRepositoryImpl_TransactionRepository24___find_by_correlation_idNtB5_6Common16satisfy_sequence
FN:139,_RNvMs4_NtNtNtNtNtCshYfsMyf1ONS_19transaction_service9use_cases19process_transaction5tests58___mock_MockTransactionRepositoryImpl_TransactionRepository24___find_by_correlation_idNtB5_6Common19is_history_sequence
FN:139,_RNvMs4_NtNtNtNtNtCshYfsMyf1ONS_19transaction_service9use_cases19process_transaction5tests58___mock_MockTransactionRepositoryImpl_TransactionRepository24___find_by_correlation_idNtB5_6Common7is_done
FN:139,_RNvMs4_NtNtNtNtNtCshYfsMyf1ONS_19transaction_service9use_cases19process_transaction5tests58___mock_MockTransactionRepositoryImpl_TransactionRepository24___find_by_correlation_idNtB5_6Common7matches
FN:139,_RNvMs6_NtNtNtNtNtCshYfsMyf1ONS_19transaction_service9use_cases19process_transaction5tests58___mock_MockTransactionRepositoryImpl_TransactionRepository24___find_by_correlation_idNtB5_11Expectation4call
FN:139,_RNvMs6_NtNtNtNtNtCshYfsMyf1ONS_19transaction_service9use_cases19process_transaction5tests58___mock_MockTransactionRepositoryImpl_TransactionRepository24___find_by_correlation_idNtB5_11Expectation7is_done
FN:139,_RNvMs6_NtNtNtNtNtCshYfsMyf1ONS_19transaction_service9use_cases19process_transaction5tests58___mock_MockTransactionRepositoryImpl_TransactionRepository24___find_by_correlation_idNtB5_11Expectation7matches
FN:139,_RNvMs8_NtNtNtNtNtCshYfsMyf1ONS_19transaction_service9use_cases19process_transaction5tests58___mock_MockTransactionRepositoryImpl_TransactionRepository24___find_by_correlation_idNtB5_12Expectations3new
FN:139,_RNvMs8_NtNtNtNtNtCshYfsMyf1ONS_19transaction_service9use_cases19process_transaction5tests58___mock_MockTransactionRepositoryImpl_TransactionRepository24___find_by_correlation_idNtB5_12Expectations6expect
FN:139,_RNvMsa_NtNtNtNtNtCshYfsMyf1ONS_19transaction_service9use_cases19process_transaction5tests58___mock_MockTransactionRepositoryImpl_TransactionRepository24___find_by_correlation_idNtB5_12Expectations4call
FN:139,_RNvXs1_NtNtNtNtNtCshYfsMyf1ONS_19transaction_service9use_cases19process_transaction5tests58___mock_MockTransactionRepositoryImpl_TransactionRepository24___find_by_correlation_idNtB5_7MatcherNtNtCs8CEGv8KHL4Y_4core7default7Default7default
FN:139,_RNvXs2_NtNtNtNtNtCshYfsMyf1ONS_19transaction_service9use_cases19process_transaction5tests58___mock_MockTransactionRepositoryImpl_TransactionRepository24___find_by_correlation_idNtB5_7MatcherNtNtCs8CEGv8KHL4Y_4core3fmt7Display3fmt
FN:139,_RNvXs3_NtNtNtNtNtCshYfsMyf1ONS_19transaction_service9use_cases19process_transaction5tests58___mock_MockTransactionRepositoryImpl_TransactionRepository24___find_by_correlation_idNtB5_6CommonNtNtCs8CEGv8KHL4Y_4core7default7Default7default
FN:139,_RNvXs7_NtNtNtNtNtCshYfsMyf1ONS_19transaction_service9use_cases19process_transaction5tests58___mock_MockTransactionRepositoryImpl_TransactionRepository24___find_by_correlation_idNtB5_11ExpectationNtNtCs8CEGv8KHL4Y_4core7default7Default7default
FN:139,_RNvXs9_NtNtNtNtNtCshYfsMyf1ONS_19transaction_service9use_cases19process_transaction5tests58___mock_MockTransactionRepositoryImpl_TransactionRepository24___find_by_correlation_idNtB5_12ExpectationsNtNtCs8CEGv8KHL4Y_4core7default7Default7default
FN:139,_RNvXs_NtNtNtNtNtCshYfsMyf1ONS_19transaction_service9use_cases19process_transaction5tests58___mock_MockTransactionRepositoryImpl_TransactionRepository24___find_by_correlation_idNtB4_5RfuncNtNtCs8CEGv8KHL4Y_4core7default7Default7default
FN:139,_RINvMs4_NtNtNtNtNtCshYfsMyf1ONS_19transaction_service9use_cases19process_transaction5tests58___mock_MockTransactionRepositoryImpl_TransactionRepository24___find_by_correlation_idNtB6_6Common15verify_sequenceNCNvMs6_B6_NtB6_11Expectation4call0EBg_
FN:139,_RINvMs4_NtNtNtNtNtCshYfsMyf1ONS_19transaction_service9use_cases19process_transaction5tests58___mock_MockTransactionRepositoryImpl_TransactionRepository24___find_by_correlation_idNtB6_6Common4callNCNvMs6_B6_NtB6_11Expectation4call0EBg_
FN:139,_RINvMs4_NtNtNtNtNtCshYfsMyf1ONS_19transaction_service9use_cases19process_transaction5tests58___mock_MockTransactionRepositoryImpl_TransactionRepository24___find_by_correlation_idNtB6_6Common4withINtNtCs3yJXAUNYaTE_10predicates3ord11EqPredicateNtCskdSumWYQxYL_4uuid4UuidEEBg_
FN:139,_RINvMs4_NtNtNtNtNtCshYfsMyf1ONS_19transaction_service9use_cases19process_transaction5tests58___mock_MockTransactionRepositoryImpl_TransactionRepository24___find_by_correlation_idNtB6_6Common5timesjEBg_
FN:139,_RINvMs6_NtNtNtNtNtCshYfsMyf1ONS_19transaction_service9use_cases19process_transaction5tests58___mock_MockTransactionRepositoryImpl_TransactionRepository24___find_by_correlation_idNtB6_11Expectation4withINtNtCs3yJXAUNYaTE_10predicates3ord11EqPredicateNtCskdSumWYQxYL_4uuid4UuidEEBg_
FN:139,_RINvMs6_NtNtNtNtNtCshYfsMyf1ONS_19transaction_service9use_cases19process_transaction5tests58___mock_MockTransactionRepositoryImpl_TransactionRepository24___find_by_correlation_idNtB6_11Expectation5timesjEBg_
FN:139,_RINvMs6_NtNtNtNtNtCshYfsMyf1ONS_19transaction_service9use_cases19process_transaction5tests58___mock_MockTransactionRepositoryImpl_TransactionRepository24___find_by_correlation_idNtB6_11Expectation9returningNCNCNvBa_s_32test_process_transaction_success00EBg_
FN:139,_RINvMs6_NtNtNtNtNtCshYfsMyf1ONS_19transaction_service9use_cases19process_transaction5tests58___mock_MockTransactionRepositoryImpl_TransactionRepository24___find_by_correlation_idNtB6_11Expectation9returningNCNCNvBa_s_36test_process_transaction_idempotency00EBg_
FN:139,_RINvMs6_NtNtNtNtNtCshYfsMyf1ONS_19transaction_service9use_cases19process_transaction5tests58___mock_MockTransactionRepositoryImpl_TransactionRepository24___find_by_correlation_idNtB6_11Expectation9returningNCNCNvBa_s_40test_process_transaction_gateway_failure00EBg_
FN:127,_RNCINvMs4_NtNtNtNtNtCshYfsMyf1ONS_19transaction_service9use_cases19process_transaction5tests58___mock_MockTransactionRepositoryImpl_TransactionRepository24___find_by_correlation_idNtB8_6Common4callNCNvMs6_B8_NtB8_11Expectation4call0E0Bi_
FN:139,_RNCNvMs0_NtNtNtNtNtCshYfsMyf1ONS_19transaction_service9use_cases19process_transaction5tests58___mock_MockTransactionRepositoryImpl_TransactionRepository24___find_by_correlation_idNtB7_7Matcher7matches0Bh_
FN:127,_RNCNvMs6_NtNtNtNtNtCshYfsMyf1ONS_19transaction_service9use_cases19process_transaction5tests58___mock_MockTransactionRepositoryImpl_TransactionRepository24___find_by_correlation_idNtB7_11Expectation4call0Bh_
FN:127,_RNCNvMs6_NtNtNtNtNtCshYfsMyf1ONS_19transaction_service9use_cases19process_transaction5tests58___mock_MockTransactionRepositoryImpl_TransactionRepository24___find_by_correlation_idNtB7_11Expectation4calls_0Bh_
FN:139,_RNCNvMsa_NtNtNtNtNtCshYfsMyf1ONS_19transaction_service9use_cases19process_transaction5tests58___mock_MockTransactionRepositoryImpl_TransactionRepository24___find_by_correlation_idNtB7_12Expectations4call0Bh_
FN:127,_RNCNvMsa_NtNtNtNtNtCshYfsMyf1ONS_19transaction_service9use_cases19process_transaction5tests58___mock_MockTransactionRepositoryImpl_TransactionRepository24___find_by_correlation_idNtB7_12Expectations4calls_0Bh_
FN:17,_RNvMNtNtCshYfsMyf1ONS_19transaction_service9use_cases19process_transactionNtB2_25ProcessTransactionUseCase3new
FN:27,_RNvMNtNtCshYfsMyf1ONS_19transaction_service9use_cases19process_transactionNtB2_25ProcessTransactionUseCase7execute
FN:139,_RINvMs4_NtNtNtNtNtCshYfsMyf1ONS_19transaction_service9use_cases19process_transaction5tests58___mock_MockTransactionRepositoryImpl_TransactionRepository25___find_pending_older_thanNtB6_6Common15verify_sequenceNCNvMs6_B6_NtB6_11Expectation4call0EBg_
FN:139,_RINvMs4_NtNtNtNtNtCshYfsMyf1ONS_19transaction_service9use_cases19process_transaction5tests58___mock_MockTransactionRepositoryImpl_TransactionRepository25___find_pending_older_thanNtB6_6Common4callNCNvMs6_B6_NtB6_11Expectation4call0EBg_
FN:127,_RNCINvMs4_NtNtNtNtNtCshYfsMyf1ONS_19transaction_service9use_cases19process_transaction5tests58___mock_MockTransactionRepositoryImpl_TransactionRepository25___find_pending_older_thanNtB8_6Common4callNCNvMs6_B8_NtB8_11Expectation4call0E0Bi_
FN:139,_RNCNvMs0_NtNtNtNtNtCshYfsMyf1ONS_19transaction_service9use_cases19process_transaction5tests58___mock_MockTransactionRepositoryImpl_TransactionRepository25___find_pending_older_thanNtB7_7Matcher7matches0Bh_
FN:127,_RNCNvMs6_NtNtNtNtNtCshYfsMyf1ONS_19transaction_service9use_cases19process_transaction5tests58___mock_MockTransactionRepositoryImpl_TransactionRepository25___find_pending_older_thanNtB7_11Expectation4call0Bh_
FN:127,_RNCNvMs6_NtNtNtNtNtCshYfsMyf1ONS_19transaction_service9use_cases19process_transaction5tests58___mock_MockTransactionRepositoryImpl_TransactionRepository25___find_pending_older_thanNtB7_11Expectation4calls_0Bh_
FN:139,_RNCNvMsa_NtNtNtNtNtCshYfsMyf1ONS_19transaction_service9use_cases19process_transaction5tests58___mock_MockTransactionRepositoryImpl_TransactionRepository25___find_pending_older_thanNtB7_12Expectations4call0Bh_
FN:127,_RNCNvMsa_NtNtNtNtNtCshYfsMyf1ONS_19transaction_service9use_cases19process_transaction5tests58___mock_MockTransactionRepositoryImpl_TransactionRepository25___find_pending_older_thanNtB7_12Expectations4calls_0Bh_
FN:148,_RINvMs4_NtNtNtNtNtCshYfsMyf1ONS_19transaction_service9use_cases19process_transaction5tests42___mock_MockWalletGatewayImpl_WalletGateway18___process_movementNtB6_6Common4withpEBg_
FN:148,_RINvMs4_NtNtNtNtNtCshYfsMyf1ONS_19transaction_service9use_cases19process_transaction5tests42___mock_MockWalletGatewayImpl_WalletGateway18___process_movementNtB6_6Common5withfpEBg_
FN:148,_RINvMs4_NtNtNtNtNtCshYfsMyf1ONS_19transaction_service9use_cases19process_transaction5tests42___mock_MockWalletGatewayImpl_WalletGateway18___process_movementNtB6_6Common8withf_stpEBg_
FN:139,_RINvMs4_NtNtNtNtNtCshYfsMyf1ONS_19transaction_service9use_cases19process_transaction5tests58___mock_MockTransactionRepositoryImpl_TransactionRepository12___find_by_idNtB6_6Common4withpEBg_
FN:139,_RINvMs4_NtNtNtNtNtCshYfsMyf1ONS_19transaction_service9use_cases19process_transaction5tests58___mock_MockTransactionRepositoryImpl_TransactionRepository12___find_by_idNtB6_6Common5timespEBg_
FN:139,_RINvMs4_NtNtNtNtNtCshYfsMyf1ONS_19transaction_service9use_cases19process_transaction5tests58___mock_MockTransactionRepositoryImpl_TransactionRepository12___find_by_idNtB6_6Common5withfpEBg_
FN:139,_RINvMs4_NtNtNtNtNtCshYfsMyf1ONS_19transaction_service9use_cases19process_transaction5tests58___mock_MockTransactionRepositoryImpl_TransactionRepository12___find_by_idNtB6_6Common8withf_stpEBg_
FN:139,_RINvMs4_NtNtNtNtNtCshYfsMyf1ONS_19transaction_service9use_cases19process_transaction5tests58___mock_MockTransactionRepositoryImpl_TransactionRepository19___find_by_wallet_idNtB6_6Common4withpEBg_
FN:139,_RINvMs4_NtNtNtNtNtCshYfsMyf1ONS_19transaction_service9use_cases19process_transaction5tests58___mock_MockTransactionRepositoryImpl_TransactionRepository19___find_by_wallet_idNtB6_6Common5timespEBg_
FN:139,_RINvMs4_NtNtNtNtNtCshYfsMyf1ONS_19transaction_service9use_cases19process_transaction5tests58___mock_MockTransactionRepositoryImpl_TransactionRepository19___find_by_wallet_idNtB6_6Common5withfpEBg_
FN:139,_RINvMs4_NtNtNtNtNtCshYfsMyf1ONS_19transaction_service9use_cases19process_transaction5tests58___mock_MockTransactionRepositoryImpl_TransactionRepository19___find_by_wallet_idNtB6_6Common8withf_stpEBg_
FN:139,_RINvMs4_NtNtNtNtNtCshYfsMyf1ONS_19transaction_service9use_cases19process_transaction5tests58___mock_MockTransactionRepositoryImpl_TransactionRepository24___find_by_correlation_idNtB6_6Common5withfpEBg_
FN:139,_RINvMs4_NtNtNtNtNtCshYfsMyf1ONS_19transaction_service9use_cases19process_transaction5tests58___mock_MockTransactionRepositoryImpl_TransactionRepository24___find_by_correlation_idNtB6_6Common8withf_stpEBg_
FN:139,_RINvMs4_NtNtNtNtNtCshYfsMyf1ONS_19transaction_service9use_cases19process_transaction5tests58___mock_MockTransactionRepositoryImpl_TransactionRepository25___find_pending_older_thanNtB6_6Common4withpEBg_
FN:139,_RINvMs4_NtNtNtNtNtCshYfsMyf1ONS_19transaction_service9use_cases19process_transaction5tests58___mock_MockTransactionRepositoryImpl_TransactionRepository25___find_pending_older_thanNtB6_6Common5timespEBg_
FN:139,_RINvMs4_NtNtNtNtNtCshYfsMyf1ONS_19transaction_service9use_cases19process_transaction5tests58___mock_MockTransactionRepositoryImpl_TransactionRepository25___find_pending_older_thanNtB6_6Common5withfpEBg_
FN:139,_RINvMs4_NtNtNtNtNtCshYfsMyf1ONS_19transaction_service9use_cases19process_transaction5tests58___mock_MockTransactionRepositoryImpl_TransactionRepository25___find_pending_older_thanNtB6_6Common8withf_stpEBg_
FN:139,_RINvMs4_NtNtNtNtNtCshYfsMyf1ONS_19transaction_service9use_cases19process_transaction5tests58___mock_MockTransactionRepositoryImpl_TransactionRepository6___saveNtB6_6Common4withpEBg_
FN:139,_RINvMs4_NtNtNtNtNtCshYfsMyf1ONS_19transaction_service9use_cases19process_transaction5tests58___mock_MockTransactionRepositoryImpl_TransactionRepository6___saveNtB6_6Common5withfpEBg_
FN:139,_RINvMs4_NtNtNtNtNtCshYfsMyf1ONS_19transaction_service9use_cases19process_transaction5tests58___mock_MockTransactionRepositoryImpl_TransactionRepository6___saveNtB6_6Common8withf_stpEBg_
FN:139,_RINvMs4_NtNtNtNtNtCshYfsMyf1ONS_19transaction_service9use_cases19process_transaction5tests58___mock_MockTransactionRepositoryImpl_TransactionRepository8___updateNtB6_6Common5withfpEBg_
FN:139,_RINvMs4_NtNtNtNtNtCshYfsMyf1ONS_19transaction_service9use_cases19process_transaction5tests58___mock_MockTransactionRepositoryImpl_TransactionRepository8___updateNtB6_6Common8withf_stpEBg_
FN:148,_RINvMs6_NtNtNtNtNtCshYfsMyf1ONS_19transaction_service9use_cases19process_transaction5tests42___mock_MockWalletGatewayImpl_WalletGateway18___process_movementNtB6_11Expectation11return_oncepEBg_
FN:148,_RINvMs6_NtNtNtNtNtCshYfsMyf1ONS_19transaction_service9use_cases19process_transaction5tests42___mock_MockWalletGatewayImpl_WalletGateway18___process_movementNtB6_11Expectation12return_constpEBg_
FN:148,_RINvMs6_NtNtNtNtNtCshYfsMyf1ONS_19transaction_service9use_cases19process_transaction5tests42___mock_MockWalletGatewayImpl_WalletGateway18___process_movementNtB6_11Expectation12returning_stpEBg_
FN:148,_RINvMs6_NtNtNtNtNtCshYfsMyf1ONS_19transaction_service9use_cases19process_transaction5tests42___mock_MockWalletGatewayImpl_WalletGateway18___process_movementNtB6_11Expectation14return_once_stpEBg_
FN:148,_RINvMs6_NtNtNtNtNtCshYfsMyf1ONS_19transaction_service9use_cases19process_transaction5tests42___mock_MockWalletGatewayImpl_WalletGateway18___process_movementNtB6_11Expectation15return_const_stpEBg_
FN:148,_RINvMs6_NtNtNtNtNtCshYfsMyf1ONS_19transaction_service9use_cases19process_transaction5tests42___mock_MockWalletGatewayImpl_WalletGateway18___process_movementNtB6_11Expectation4withpEBg_
FN:148,_RINvMs6_NtNtNtNtNtCshYfsMyf1ONS_19transaction_service9use_cases19process_transaction5tests42___mock_MockWalletGatewayImpl_WalletGateway18___process_movementNtB6_11Expectation5withfpEBg_
FN:148,_RINvMs6_NtNtNtNtNtCshYfsMyf1ONS_19transaction_service9use_cases19process_transaction5tests42___mock_MockWalletGatewayImpl_WalletGateway18___process_movementNtB6_11Expectation8withf_stpEBg_
FN:139,_RINvMs6_NtNtNtNtNtCshYfsMyf1ONS_19transaction_service9use_cases19process_transaction5tests58___mock_MockTransactionRepositoryImpl_TransactionRepository12___find_by_idNtB6_11Expectation11return_oncepEBg_
FN:139,_RINvMs6_NtNtNtNtNtCshYfsMyf1ONS_19transaction_service9use_cases19process_transaction5tests58___mock_MockTransactionRepositoryImpl_TransactionRepository12___find_by_idNtB6_11Expectation12return_constpEBg_
FN:139,_RINvMs6_NtNtNtNtNtCshYfsMyf1ONS_19transaction_service9use_cases19process_transaction5tests58___mock_MockTransactionRepositoryImpl_TransactionRepository12___find_by_idNtB6_11Expectation12returning_stpEBg_
FN:139,_RINvMs6_NtNtNtNtNtCshYfsMyf1ONS_19transaction_service9use_cases19process_transaction5tests58___mock_MockTransactionRepositoryImpl_TransactionRepository12___find_by_idNtB6_11Expectation14return_once_stpEBg_
FN:139,_RINvMs6_NtNtNtNtNtCshYfsMyf1ONS_19transaction_service9use_cases19process_transaction5tests58___mock_MockTransactionRepositoryImpl_TransactionRepository12___find_by_idNtB6_11Expectation15return_const_stpEBg_
FN:139,_RINvMs6_NtNtNtNtNtCshYfsMyf1ONS_19transaction_service9use_cases19process_transaction5tests58___mock_MockTransactionRepositoryImpl_TransactionRepository12___find_by_idNtB6_11Expectation4withpEBg_
FN:139,_RINvMs6_NtNtNtNtNtCshYfsMyf1ONS_19transaction_service9use_cases19process_transaction5tests58___mock_MockTransactionRepositoryImpl_TransactionRepository12___find_by_idNtB6_11Expectation5timespEBg_
FN:139,_RINvMs6_NtNtNtNtNtCshYfsMyf1ONS_19transaction_service9use_cases19process_transaction5tests58___mock_MockTransactionRepositoryImpl_TransactionRepository12___find_by_idNtB6_11Expectation5withfpEBg_
FN:139,_RINvMs6_NtNtNtNtNtCshYfsMyf1ONS_19transaction_service9use_cases19process_transaction5tests58___mock_MockTransactionRepositoryImpl_TransactionRepository12___find_by_idNtB6_11Expectation8withf_stpEBg_
FN:139,_RINvMs6_NtNtNtNtNtCshYfsMyf1ONS_19transaction_service9use_cases19process_transaction5tests58___mock_MockTransactionRepositoryImpl_TransactionRepository12___find_by_idNtB6_11Expectation9returningpEBg_
FN:139,_RINvMs6_NtNtNtNtNtCshYfsMyf1ONS_19transaction_service9use_cases19process_transaction5tests58___mock_MockTransactionRepositoryImpl_TransactionRepository19___find_by_wallet_idNtB6_11Expectation11return_oncepEBg_
FN:139,_RINvMs6_NtNtNtNtNtCshYfsMyf1ONS_19transaction_service9use_cases19process_transaction5tests58___mock_MockTransactionRepositoryImpl_TransactionRepository19___find_by_wallet_idNtB6_11Expectation12return_constpEBg_
FN:139,_RINvMs6_NtNtNtNtNtCshYfsMyf1ONS_19transaction_service9use_cases19process_transaction5tests58___mock_MockTransactionRepositoryImpl_TransactionRepository19___find_by_wallet_idNtB6_11Expectation12returning_stpEBg_
FN:139,_RINvMs6_NtNtNtNtNtCshYfsMyf1ONS_19transaction_service9use_cases19process_transaction5tests58___mock_MockTransactionRepositoryImpl_TransactionRepository19___find_by_wallet_idNtB6_11Expectation14return_once_stpEBg_
FN:139,_RINvMs6_NtNtNtNtNtCshYfsMyf1ONS_19transaction_service9use_cases19process_transaction5tests58___mock_MockTransactionRepositoryImpl_TransactionRepository19___find_by_wallet_idNtB6_11Expectation15return_const_stpEBg_
FN:139,_RINvMs6_NtNtNtNtNtCshYfsMyf1ONS_19transaction_service9use_cases19process_transaction5tests58___mock_MockTransactionRepositoryImpl_TransactionRepository19___find_by_wallet_idNtB6_11Expectation4withpEBg_
FN:139,_RINvMs6_NtNtNtNtNtCshYfsMyf1ONS_19transaction_service9use_cases19process_transaction5tests58___mock_MockTransactionRepositoryImpl_TransactionRepository19___find_by_wallet_idNtB6_11Expectation5timespEBg_
FN:139,_RINvMs6_NtNtNtNtNtCshYfsMyf1ONS_19transaction_service9use_cases19process_transaction5tests58___mock_MockTransactionRepositoryImpl_TransactionRepository19___find_by_wallet_idNtB6_11Expectation5withfpEBg_
FN:139,_RINvMs6_NtNtNtNtNtCshYfsMyf1ONS_19transaction_service9use_cases19process_transaction5tests58___mock_MockTransactionRepositoryImpl_TransactionRepository19___find_by_wallet_idNtB6_11Expectation8withf_stpEBg_
FN:139,_RINvMs6_NtNtNtNtNtCshYfsMyf1ONS_19transaction_service9use_cases19process_transaction5tests58___mock_MockTransactionRepositoryImpl_TransactionRepository19___find_by_wallet_idNtB6_11Expectation9returningpEBg_
FN:139,_RINvMs6_NtNtNtNtNtCshYfsMyf1ONS_19transaction_service9use_cases19process_transaction5tests58___mock_MockTransactionRepositoryImpl_TransactionRepository24___find_by_correlation_idNtB6_11Expectation11return_oncepEBg_
FN:139,_RINvMs6_NtNtNtNtNtCshYfsMyf1ONS_19transaction_service9use_cases19process_transaction5tests58___mock_MockTransactionRepositoryImpl_TransactionRepository24___find_by_correlation_idNtB6_11Expectation12return_constpEBg_
FN:139,_RINvMs6_NtNtNtNtNtCshYfsMyf1ONS_19transaction_service9use_cases19process_transaction5tests58___mock_MockTransactionRepositoryImpl_TransactionRepository24___find_by_correlation_idNtB6_11Expectation12returning_stpEBg_
FN:139,_RINvMs6_NtNtNtNtNtCshYfsMyf1ONS_19transaction_service9use_cases19process_transaction5tests58___mock_MockTransactionRepositoryImpl_TransactionRepository24___find_by_correlation_idNtB6_11Expectation14return_once_stpEBg_
FN:139,_RINvMs6_NtNtNtNtNtCshYfsMyf1ONS_19transaction_service9use_cases19process_transaction5tests58___mock_MockTransactionRepositoryImpl_TransactionRepository24___find_by_correlation_idNtB6_11Expectation15return_const_stpEBg_
FN:139,_RINvMs6_NtNtNtNtNtCshYfsMyf1ONS_19transaction_service9use_cases19process_transaction5tests58___mock_MockTransactionRepositoryImpl_TransactionRepository24___find_by_correlation_idNtB6_11Expectation5withfpEBg_
FN:139,_RINvMs6_NtNtNtNtNtCshYfsMyf1ONS_19transaction_service9use_cases19process_transaction5tests58___mock_MockTransactionRepositoryImpl_TransactionRepository24___find_by_correlation_idNtB6_11Expectation8withf_stpEBg_
FN:139,_RINvMs6_NtNtNtNtNtCshYfsMyf1ONS_19transaction_service9use_cases19process_transaction5tests58___mock_MockTransactionRepositoryImpl_TransactionRepository25___find_pending_older_thanNtB6_11Expectation11return_oncepEBg_
FN:139,_RINvMs6_NtNtNtNtNtCshYfsMyf1ONS_19transaction_service9use_cases19process_transaction5tests58___mock_MockTransactionRepositoryImpl_TransactionRepository25___find_pending_older_thanNtB6_11Expectation12return_constpEBg_
FN:139,_RINvMs6_NtNtNtNtNtCshYfsMyf1ONS_19transaction_service9use_cases19process_transaction5tests58___mock_MockTransactionRepositoryImpl_TransactionRepository25___find_pending_older_thanNtB6_11Expectation12returning_stpEBg_
FN:139,_RINvMs6_NtNtNtNtNtCshYfsMyf1ONS_19transaction_service9use_cases19process_transaction5tests58___mock_MockTransactionRepositoryImpl_TransactionRepository25___find_pending_older_thanNtB6_11Expectation14return_once_stpEBg_
FN:139,_RINvMs6_NtNtNtNtNtCshYfsMyf1ONS_19transaction_service9use_cases19process_transaction5tests58___mock_MockTransactionRepositoryImpl_TransactionRepository25___find_pending_older_thanNtB6_11Expectation15return_const_stpEBg_
FN:139,_RINvMs6_NtNtNtNtNtCshYfsMyf1ONS_19transaction_service9use_cases19process_transaction5tests58___mock_MockTransactionRepositoryImpl_TransactionRepository25___find_pending_older_thanNtB6_11Expectation4withpEBg_
FN:139,_RINvMs6_NtNtNtNtNtCshYfsMyf1ONS_19transaction_service9use_cases19process_transaction5tests58___mock_MockTransactionRepositoryImpl_TransactionRepository25___find_pending_older_thanNtB6_11Expectation5timespEBg_
FN:139,_RINvMs6_NtNtNtNtNtCshYfsMyf1ONS_19transaction_service9use_cases19process_transaction5tests58___mock_MockTransactionRepositoryImpl_TransactionRepository25___find_pending_older_thanNtB6_11Expectation5withfpEBg_
FN:139,_RINvMs6_NtNtNtNtNtCshYfsMyf1ONS_19transaction_service9use_cases19process_transaction5tests58___mock_MockTransactionRepositoryImpl_TransactionRepository25___find_pending_older_thanNtB6_11Expectation8withf_stpEBg_
FN:139,_RINvMs6_NtNtNtNtNtCshYfsMyf1ONS_19transaction_service9use_cases19process_transaction5tests58___mock_MockTransactionRepositoryImpl_TransactionRepository25___find_pending_older_thanNtB6_11Expectation9returningpEBg_
FN:139,_RINvMs6_NtNtNtNtNtCshYfsMyf1ONS_19transaction_service9use_cases19process_transaction5tests58___mock_MockTransactionRepositoryImpl_TransactionRepository6___saveNtB6_11Expectation11return_oncepEBg_
FN:139,_RINvMs6_NtNtNtNtNtCshYfsMyf1ONS_19transaction_service9use_cases19process_transaction5tests58___mock_MockTransactionRepositoryImpl_TransactionRepository6___saveNtB6_11Expectation12return_constpEBg_
FN:139,_RINvMs6_NtNtNtNtNtCshYfsMyf1ONS_19transaction_service9use_cases19process_transaction5tests58___mock_MockTransactionRepositoryImpl_TransactionRepository6___saveNtB6_11Expectation12returning_stpEBg_
FN:139,_RINvMs6_NtNtNtNtNtCshYfsMyf1ONS_19transaction_service9use_cases19process_transaction5tests58___mock_MockTransactionRepositoryImpl_TransactionRepository6___saveNtB6_11Expectation14return_once_stpEBg_
FN:139,_RINvMs6_NtNtNtNtNtCshYfsMyf1ONS_19transaction_service9use_cases19process_transaction5tests58___mock_MockTransactionRepositoryImpl_TransactionRepository6___saveNtB6_11Expectation15return_const_stpEBg_
FN:139,_RINvMs6_NtNtNtNtNtCshYfsMyf1ONS_19transaction_service9use_cases19process_transaction5tests58___mock_MockTransactionRepositoryImpl_TransactionRepository6___saveNtB6_11Expectation4withpEBg_
FN:139,_RINvMs6_NtNtNtNtNtCshYfsMyf1ONS_19transaction_service9use_cases19process_transaction5tests58___mock_MockTransactionRepositoryImpl_TransactionRepository6___saveNtB6_11Expectation5withfpEBg_
FN:139,_RINvMs6_NtNtNtNtNtCshYfsMyf1ONS_19transaction_service9use_cases19process_transaction5tests58___mock_MockTransactionRepositoryImpl_TransactionRepository6___saveNtB6_11Expectation8withf_stpEBg_
FN:139,_RINvMs6_NtNtNtNtNtCshYfsMyf1ONS_19transaction_service9use_cases19process_transaction5tests58___mock_MockTransactionRepositoryImpl_TransactionRepository8___updateNtB6_11Expectation11return_oncepEBg_
FN:139,_RINvMs6_NtNtNtNtNtCshYfsMyf1ONS_19transaction_service9use_cases19process_transaction5tests58___mock_MockTransactionRepositoryImpl_TransactionRepository8___updateNtB6_11Expectation12return_constpEBg_
FN:139,_RINvMs6_NtNtNtNtNtCshYfsMyf1ONS_19transaction_service9use_cases19process_transaction5tests58___mock_MockTransactionRepositoryImpl_TransactionRepository8___updateNtB6_11Expectation12returning_stpEBg_
FN:139,_RINvMs6_NtNtNtNtNtCshYfsMyf1ONS_19transaction_service9use_cases19process_transaction5tests58___mock_MockTransactionRepositoryImpl_TransactionRepository8___updateNtB6_11Expectation14return_once_stpEBg_
FN:139,_RINvMs6_NtNtNtNtNtCshYfsMyf1ONS_19transaction_service9use_cases19process_transaction5tests58___mock_MockTransactionRepositoryImpl_TransactionRepository8___updateNtB6_11Expectation15return_const_stpEBg_
FN:139,_RINvMs6_NtNtNtNtNtCshYfsMyf1ONS_19transaction_service9use_cases19process_transaction5tests58___mock_MockTransactionRepositoryImpl_TransactionRepository8___updateNtB6_11Expectation5withfpEBg_
FN:139,_RINvMs6_NtNtNtNtNtCshYfsMyf1ONS_19transaction_service9use_cases19process_transaction5tests58___mock_MockTransactionRepositoryImpl_TransactionRepository8___updateNtB6_11Expectation8withf_stpEBg_
FN:148,_RNCINvMs6_NtNtNtNtNtCshYfsMyf1ONS_19transaction_service9use_cases19process_transaction5tests42___mock_MockWalletGatewayImpl_WalletGateway18___process_movementNtB8_11Expectation12return_constpE0Bi_
FN:148,_RNCINvMs6_NtNtNtNtNtCshYfsMyf1ONS_19transaction_service9use_cases19process_transaction5tests42___mock_MockWalletGatewayImpl_WalletGateway18___process_movementNtB8_11Expectation15return_const_stpE0Bi_
FN:139,_RNCINvMs6_NtNtNtNtNtCshYfsMyf1ONS_19transaction_service9use_cases19process_transaction5tests58___mock_MockTransactionRepositoryImpl_TransactionRepository12___find_by_idNtB8_11Expectation12return_constpE0Bi_
FN:139,_RNCINvMs6_NtNtNtNtNtCshYfsMyf1ONS_19transaction_service9use_cases19process_transaction5tests58___mock_MockTransactionRepositoryImpl_TransactionRepository12___find_by_idNtB8_11Expectation15return_const_stpE0Bi_
FN:139,_RNCINvMs6_NtNtNtNtNtCshYfsMyf1ONS_19transaction_service9use_cases19process_transaction5tests58___mock_MockTransactionRepositoryImpl_TransactionRepository19___find_by_wallet_idNtB8_11Expectation12return_constpE0Bi_
FN:139,_RNCINvMs6_NtNtNtNtNtCshYfsMyf1ONS_19transaction_service9use_cases19process_transaction5tests58___mock_MockTransactionRepositoryImpl_TransactionRepository19___find_by_wallet_idNtB8_11Expectation15return_const_stpE0Bi_
FN:139,_RNCINvMs6_NtNtNtNtNtCshYfsMyf1ONS_19transaction_service9use_cases19process_transaction5tests58___mock_MockTransactionRepositoryImpl_TransactionRepository24___find_by_correlation_idNtB8_11Expectation12return_constpE0Bi_
FN:139,_RNCINvMs6_NtNtNtNtNtCshYfsMyf1ONS_19transaction_service9use_cases19process_transaction5tests58___mock_MockTransactionRepositoryImpl_TransactionRepository24___find_by_correlation_idNtB8_11Expectation15return_const_stpE0Bi_
FN:139,_RNCINvMs6_NtNtNtNtNtCshYfsMyf1ONS_19transaction_service9use_cases19process_transaction5tests58___mock_MockTransactionRepositoryImpl_TransactionRepository25___find_pending_older_thanNtB8_11Expectation12return_constpE0Bi_
FN:139,_RNCINvMs6_NtNtNtNtNtCshYfsMyf1ONS_19transaction_service9use_cases19process_transaction5tests58___mock_MockTransactionRepositoryImpl_TransactionRepository25___find_pending_older_thanNtB8_11Expectation15return_const_stpE0Bi_
FN:139,_RNCINvMs6_NtNtNtNtNtCshYfsMyf1ONS_19transaction_service9use_cases19process_transaction5tests58___mock_MockTransactionRepositoryImpl_TransactionRepository6___saveNtB8_11Expectation12return_constpE0Bi_
FN:139,_RNCINvMs6_NtNtNtNtNtCshYfsMyf1ONS_19transaction_service9use_cases19process_transaction5tests58___mock_MockTransactionRepositoryImpl_TransactionRepository6___saveNtB8_11Expectation15return_const_stpE0Bi_
FN:139,_RNCINvMs6_NtNtNtNtNtCshYfsMyf1ONS_19transaction_service9use_cases19process_transaction5tests58___mock_MockTransactionRepositoryImpl_TransactionRepository8___updateNtB8_11Expectation12return_constpE0Bi_
FN:139,_RNCINvMs6_NtNtNtNtNtCshYfsMyf1ONS_19transaction_service9use_cases19process_transaction5tests58___mock_MockTransactionRepositoryImpl_TransactionRepository8___updateNtB8_11Expectation15return_const_stpE0Bi_
FN:139,_RNvMs0_NtNtNtCshYfsMyf1ONS_19transaction_service9use_cases19process_transaction5testsNtB5_51MockTransactionRepositoryImpl_TransactionRepository10checkpoint
FN:139,_RNvMs1_NtNtNtCshYfsMyf1ONS_19transaction_service9use_cases19process_transaction5testsNtB5_29MockTransactionRepositoryImpl10checkpoint
FN:139,_RNvMs2_NtNtNtCshYfsMyf1ONS_19transaction_service9use_cases19process_transaction5testsNtB5_29MockTransactionRepositoryImpl17expect_find_by_id
FN:139,_RNvMs2_NtNtNtCshYfsMyf1ONS_19transaction_service9use_cases19process_transaction5testsNtB5_29MockTransactionRepositoryImpl24expect_find_by_wallet_id
FN:139,_RNvMs2_NtNtNtCshYfsMyf1ONS_19transaction_service9use_cases19process_transaction5testsNtB5_29MockTransactionRepositoryImpl30expect_find_pending_older_than
FN:148,_RNvMs4_NtNtNtNtNtCshYfsMyf1ONS_19transaction_service9use_cases19process_transaction5tests42___mock_MockWalletGatewayImpl_WalletGateway18___process_movementNtB5_6Common11in_sequence
FN:148,_RNvMs4_NtNtNtNtNtCshYfsMyf1ONS_19transaction_service9use_cases19process_transaction5tests42___mock_MockWalletGatewayImpl_WalletGateway18___process_movementNtB5_6Common5never
FN:139,_RNvMs4_NtNtNtNtNtCshYfsMyf1ONS_19transaction_service9use_cases19process_transaction5tests58___mock_MockTransactionRepositoryImpl_TransactionRepository12___find_by_idNtB5_6Common11in_sequence
FN:139,_RNvMs4_NtNtNtNtNtCshYfsMyf1ONS_19transaction_service9use_cases19process_transaction5tests58___mock_MockTransactionRepositoryImpl_TransactionRepository12___find_by_idNtB5_6Common5never
FN:139,_RNvMs4_NtNtNtNtNtCshYfsMyf1ONS_19transaction_service9use_cases19process_transaction5tests58___mock_MockTransactionRepositoryImpl_TransactionRepository19___find_by_wallet_idNtB5_6Common11in_sequence
FN:139,_RNvMs4_NtNtNtNtNtCshYfsMyf1ONS_19transaction_service9use_cases19process_transaction5tests58___mock_MockTransactionRepositoryImpl_TransactionRepository19___find_by_wallet_idNtB5_6Common5never
FN:139,_RNvMs4_NtNtNtNtNtCshYfsMyf1ONS_19transaction_service9use_cases19process_transaction5tests58___mock_MockTransactionRepositoryImpl_TransactionRepository24___find_by_correlation_idNtB5_6Common11in_sequence
FN:139,_RNvMs4_NtNtNtNtNtCshYfsMyf1ONS_19transaction_service9use_cases19process_transaction5tests58___mock_MockTransactionRepositoryImpl_TransactionRepository24___find_by_correlation_idNtB5_6Common5never
FN:139,_RNvMs4_NtNtNtNtNtCshYfsMyf1ONS_19transaction_service9use_cases19process_transaction5tests58___mock_MockTransactionRepositoryImpl_TransactionRepository25___find_pending_older_thanNtB5_6Common11in_sequence
FN:139,_RNvMs4_NtNtNtNtNtCshYfsMyf1ONS_19transaction_service9use_cases19process_transaction5tests58___mock_MockTransactionRepositoryImpl_TransactionRepository25___find_pending_older_thanNtB5_6Common5never
FN:139,_RNvMs4_NtNtNtNtNtCshYfsMyf1ONS_19transaction_service9use_cases19process_transaction5tests58___mock_MockTransactionRepositoryImpl_TransactionRepository6___saveNtB5_6Common11in_sequence
FN:139,_RNvMs4_NtNtNtNtNtCshYfsMyf1ONS_19transaction_service9use_cases19process_transaction5tests58___mock_MockTransactionRepositoryImpl_TransactionRepository6___saveNtB5_6Common5never
FN:139,_RNvMs4_NtNtNtNtNtCshYfsMyf1ONS_19transaction_service9use_cases19process_transaction5tests58___mock_MockTransactionRepositoryImpl_TransactionRepository8___updateNtB5_6Common11in_sequence
FN:139,_RNvMs4_NtNtNtNtNtCshYfsMyf1ONS_19transaction_service9use_cases19process_transaction5tests58___mock_MockTransactionRepositoryImpl_TransactionRepository8___updateNtB5_6Common5never
FN:148,_RNvMs6_NtNtNtCshYfsMyf1ONS_19transaction_service9use_cases19process_transaction5testsNtB5_35MockWalletGatewayImpl_WalletGateway10checkpoint
FN:148,_RNvMs6_NtNtNtNtNtCshYfsMyf1ONS_19transaction_service9use_cases19process_transaction5tests42___mock_MockWalletGatewayImpl_WalletGateway18___process_movementNtB5_11Expectation11in_sequence
FN:148,_RNvMs6_NtNtNtNtNtCshYfsMyf1ONS_19transaction_service9use_cases19process_transaction5tests42___mock_MockWalletGatewayImpl_WalletGateway18___process_movementNtB5_11Expectation3new
FN:148,_RNvMs6_NtNtNtNtNtCshYfsMyf1ONS_19transaction_service9use_cases19process_transaction5tests42___mock_MockWalletGatewayImpl_WalletGateway18___process_movementNtB5_11Expectation4once
FN:148,_RNvMs6_NtNtNtNtNtCshYfsMyf1ONS_19transaction_service9use_cases19process_transaction5tests42___mock_MockWalletGatewayImpl_WalletGateway18___process_movementNtB5_11Expectation5never
FN:139,_RNvMs6_NtNtNtNtNtCshYfsMyf1ONS_19transaction_service9use_cases19process_transaction5tests58___mock_MockTransactionRepositoryImpl_TransactionRepository12___find_by_idNtB5_11Expectation11in_sequence
FN:139,_RNvMs6_NtNtNtNtNtCshYfsMyf1ONS_19transaction_service9use_cases19process_transaction5tests58___mock_MockTransactionRepositoryImpl_TransactionRepository12___find_by_idNtB5_11Expectation3new
FN:139,_RNvMs6_NtNtNtNtNtCshYfsMyf1ONS_19transaction_service9use_cases19process_transaction5tests58___mock_MockTransactionRepositoryImpl_TransactionRepository12___find_by_idNtB5_11Expectation4once
FN:139,_RNvMs6_NtNtNtNtNtCshYfsMyf1ONS_19transaction_service9use_cases19process_transaction5tests58___mock_MockTransactionRepositoryImpl_TransactionRepository12___find_by_idNtB5_11Expectation5never
FN:139,_RNvMs6_NtNtNtNtNtCshYfsMyf1ONS_19transaction_service9use_cases19process_transaction5tests58___mock_MockTransactionRepositoryImpl_TransactionRepository19___find_by_wallet_idNtB5_11Expectation11in_sequence
FN:139,_RNvMs6_NtNtNtNtNtCshYfsMyf1ONS_19transaction_service9use_cases19process_transaction5tests58___mock_MockTransactionRepositoryImpl_TransactionRepository19___find_by_wallet_idNtB5_11Expectation3new
FN:139,_RNvMs6_NtNtNtNtNtCshYfsMyf1ONS_19transaction_service9use_cases19process_transaction5tests58___mock_MockTransactionRepositoryImpl_TransactionRepository19___find_by_wallet_idNtB5_11Expectation4once
FN:139,_RNvMs6_NtNtNtNtNtCshYfsMyf1ONS_19transaction_service9use_cases19process_transaction5tests58___mock_MockTransactionRepositoryImpl_TransactionRepository19___find_by_wallet_idNtB5_11Expectation5never
FN:139,_RNvMs6_NtNtNtNtNtCshYfsMyf1ONS_19transaction_service9use_cases19process_transaction5tests58___mock_MockTransactionRepositoryImpl_TransactionRepository24___find_by_correlation_idNtB5_11Expectation11in_sequence
FN:139,_RNvMs6_NtNtNtNtNtCshYfsMyf1ONS_19transaction_service9use_cases19process_transaction5tests58___mock_MockTransactionRepositoryImpl_TransactionRepository24___find_by_correlation_idNtB5_11Expectation3new
FN:139,_RNvMs6_NtNtNtNtNtCshYfsMyf1ONS_19transaction_service9use_cases19process_transaction5tests58___mock_MockTransactionRepositoryImpl_TransactionRepository24___find_by_correlation_idNtB5_11Expectation4once
FN:139,_RNvMs6_NtNtNtNtNtCshYfsMyf1ONS_19transaction_service9use_cases19process_transaction5tests58___mock_MockTransactionRepositoryImpl_TransactionRepository24___find_by_correlation_idNtB5_11Expectation5never
FN:139,_RNvMs6_NtNtNtNtNtCshYfsMyf1ONS_19transaction_service9use_cases19process_transaction5tests58___mock_MockTransactionRepositoryImpl_TransactionRepository25___find_pending_older_thanNtB5_11Expectation11in_sequence
FN:139,_RNvMs6_NtNtNtNtNtCshYfsMyf1ONS_19transaction_service9use_cases19process_transaction5tests58___mock_MockTransactionRepositoryImpl_TransactionRepository25___find_pending_older_thanNtB5_11Expectation3new
FN:139,_RNvMs6_NtNtNtNtNtCshYfsMyf1ONS_19transaction_service9use_cases19process_transaction5tests58___mock_MockTransactionRepositoryImpl_TransactionRepository25___find_pending_older_thanNtB5_11Expectation4once
FN:139,_RNvMs6_NtNtNtNtNtCshYfsMyf1ONS_19transaction_service9use_cases19process_transaction5tests58___mock_MockTransactionRepositoryImpl_TransactionRepository25___find_pending_older_thanNtB5_11Expectation5never
FN:139,_RNvMs6_NtNtNtNtNtCshYfsMyf1ONS_19transaction_service9use_cases19process_transaction5tests58___mock_MockTransactionRepositoryImpl_TransactionRepository6___saveNtB5_11Expectation11in_sequence
FN:139,_RNvMs6_NtNtNtNtNtCshYfsMyf1ONS_19transaction_service9use_cases19process_transaction5tests58___mock_MockTransactionRepositoryImpl_TransactionRepository6___saveNtB5_11Expectation3new
FN:139,_RNvMs6_NtNtNtNtNtCshYfsMyf1ONS_19transaction_service9use_cases19process_transaction5tests58___mock_MockTransactionRepositoryImpl_TransactionRepository6___saveNtB5_11Expectation4once
FN:139,_RNvMs6_NtNtNtNtNtCshYfsMyf1ONS_19transaction_service9use_cases19process_transaction5tests58___mock_MockTransactionRepositoryImpl_TransactionRepository6___saveNtB5_11Expectation5never
FN:139,_RNvMs6_NtNtNtNtNtCshYfsMyf1ONS_19transaction_service9use_cases19process_transaction5tests58___mock_MockTransactionRepositoryImpl_TransactionRepository8___updateNtB5_11Expectation11in_sequence
FN:139,_RNvMs6_NtNtNtNtNtCshYfsMyf1ONS_19transaction_service9use_cases19process_transaction5tests58___mock_MockTransactionRepositoryImpl_TransactionRepository8___updateNtB5_11Expectation3new
FN:139,_RNvMs6_NtNtNtNtNtCshYfsMyf1ONS_19transaction_service9use_cases19process_transaction5tests58___mock_MockTransactionRepositoryImpl_TransactionRepository8___updateNtB5_11Expectation4once
FN:139,_RNvMs6_NtNtNtNtNtCshYfsMyf1ONS_19transaction_service9use_cases19process_transaction5tests58___mock_MockTransactionRepositoryImpl_TransactionRepository8___updateNtB5_11Expectation5never
FN:148,_RNvMs7_NtNtNtCshYfsMyf1ONS_19transaction_service9use_cases19process_transaction5testsNtB5_21MockWalletGatewayImpl10checkpoint
FN:148,_RNvMs8_NtNtNtNtNtCshYfsMyf1ONS_19transaction_service9use_cases19process_transaction5tests42___mock_MockWalletGatewayImpl_WalletGateway18___process_movementNtB5_12Expectations10checkpoint
FN:139,_RNvMs8_NtNtNtNtNtCshYfsMyf1ONS_19transaction_service9use_cases19process_transaction5tests58___mock_MockTransactionRepositoryImpl_TransactionRepository12___find_by_idNtB5_12Expectations10checkpoint
FN:139,_RNvMs8_NtNtNtNtNtCshYfsMyf1ONS_19transaction_service9use_cases19process_transaction5tests58___mock_MockTransactionRepositoryImpl_TransactionRepository12___find_by_idNtB5_12Expectations6expect
FN:139,_RNvMs8_NtNtNtNtNtCshYfsMyf1ONS_19transaction_service9use_cases19process_transaction5tests58___mock_MockTransactionRepositoryImpl_TransactionRepository19___find_by_wallet_idNtB5_12Expectations10checkpoint
FN:139,_RNvMs8_NtNtNtNtNtCshYfsMyf1ONS_19transaction_service9use_cases19process_transaction5tests58___mock_MockTransactionRepositoryImpl_TransactionRepository19___find_by_wallet_idNtB5_12Expectations6expect
FN:139,_RNvMs8_NtNtNtNtNtCshYfsMyf1ONS_19transaction_service9use_cases19process_transaction5tests58___mock_MockTransactionRepositoryImpl_TransactionRepository24___find_by_correlation_idNtB5_12Expectations10checkpoint
FN:139,_RNvMs8_NtNtNtNtNtCshYfsMyf1ONS_19transaction_service9use_cases19process_transaction5tests58___mock_MockTransactionRepositoryImpl_TransactionRepository25___find_pending_older_thanNtB5_12Expectations10checkpoint
FN:139,_RNvMs8_NtNtNtNtNtCshYfsMyf1ONS_19transaction_service9use_cases19process_transaction5tests58___mock_MockTransactionRepositoryImpl_TransactionRepository25___find_pending_older_thanNtB5_12Expectations6expect
FN:139,_RNvMs8_NtNtNtNtNtCshYfsMyf1ONS_19transaction_service9use_cases19process_transaction5tests58___mock_MockTransactionRepositoryImpl_TransactionRepository6___saveNtB5_12Expectations10checkpoint
FN:139,_RNvMs8_NtNtNtNtNtCshYfsMyf1ONS_19transaction_service9use_cases19process_transaction5tests58___mock_MockTransactionRepositoryImpl_TransactionRepository8___updateNtB5_12Expectations10checkpoint
FN:139,_RNvXs1_NtNtNtNtNtCshYfsMyf1ONS_19transaction_service9use_cases19process_transaction5tests58___mock_MockTransactionRepositoryImpl_TransactionRepository12___find_by_idNtB5_7MatcherNtNtCs8CEGv8KHL4Y_4core7default7Default7default
FN:139,_RNvXs1_NtNtNtNtNtCshYfsMyf1ONS_19transaction_service9use_cases19process_transaction5tests58___mock_MockTransactionRepositoryImpl_TransactionRepository19___find_by_wallet_idNtB5_7MatcherNtNtCs8CEGv8KHL4Y_4core7default7Default7default
FN:139,_RNvXs1_NtNtNtNtNtCshYfsMyf1ONS_19transaction_service9use_cases19process_transaction5tests58___mock_MockTransactionRepositoryImpl_TransactionRepository25___find_pending_older_thanNtB5_7MatcherNtNtCs8CEGv8KHL4Y_4core7default7Default7default
FN:139,_RNvXs3_NtNtNtNtNtCshYfsMyf1ONS_19transaction_service9use_cases19process_transaction5tests58___mock_MockTransactionRepositoryImpl_TransactionRepository12___find_by_idNtB5_6CommonNtNtCs8CEGv8KHL4Y_4core7default7Default7default
FN:139,_RNvXs3_NtNtNtNtNtCshYfsMyf1ONS_19transaction_service9use_cases19process_transaction5tests58___mock_MockTransactionRepositoryImpl_TransactionRepository19___find_by_wallet_idNtB5_6CommonNtNtCs8CEGv8KHL4Y_4core7default7Default7default
FN:139,_RNvXs3_NtNtNtNtNtCshYfsMyf1ONS_19transaction_service9use_cases19process_transaction5tests58___mock_MockTransactionRepositoryImpl_TransactionRepository25___find_pending_older_thanNtB5_6CommonNtNtCs8CEGv8KHL4Y_4core7default7Default7default
FN:139,_RNvXs7_NtNtNtNtNtCshYfsMyf1ONS_19transaction_service9use_cases19process_transaction5tests58___mock_MockTransactionRepositoryImpl_TransactionRepository12___find_by_idNtB5_11ExpectationNtNtCs8CEGv8KHL4Y_4core7default7Default7default
FN:139,_RNvXs7_NtNtNtNtNtCshYfsMyf1ONS_19transaction_service9use_cases19process_transaction5tests58___mock_MockTransactionRepositoryImpl_TransactionRepository19___find_by_wallet_idNtB5_11ExpectationNtNtCs8CEGv8KHL4Y_4core7default7Default7default
FN:139,_RNvXs7_NtNtNtNtNtCshYfsMyf1ONS_19transaction_service9use_cases19process_transaction5tests58___mock_MockTransactionRepositoryImpl_TransactionRepository25___find_pending_older_thanNtB5_11ExpectationNtNtCs8CEGv8KHL4Y_4core7default7Default7default
FN:139,_RNvXs_NtNtNtNtNtCshYfsMyf1ONS_19transaction_service9use_cases19process_transaction5tests58___mock_MockTransactionRepositoryImpl_TransactionRepository12___find_by_idNtB4_5RfuncNtNtCs8CEGv8KHL4Y_4core7default7Default7default
FN:139,_RNvXs_NtNtNtNtNtCshYfsMyf1ONS_19transaction_service9use_cases19process_transaction5tests58___mock_MockTransactionRepositoryImpl_TransactionRepository19___find_by_wallet_idNtB4_5RfuncNtNtCs8CEGv8KHL4Y_4core7default7Default7default
FN:139,_RNvXs_NtNtNtNtNtCshYfsMyf1ONS_19transaction_service9use_cases19process_transaction5tests58___mock_MockTransactionRepositoryImpl_TransactionRepository25___find_pending_older_thanNtB4_5RfuncNtNtCs8CEGv8KHL4Y_4core7default7Default7default
FN:139,_RNvMNtNtNtNtNtCshYfsMyf1ONS_19transaction_service9use_cases19process_transaction5tests58___mock_MockTransactionRepositoryImpl_TransactionRepository19___find_by_wallet_idNtB2_5Rfunc8call_mut
FN:139,_RNvMs0_NtNtNtNtNtCshYfsMyf1ONS_19transaction_service9use_cases19process_transaction5tests58___mock_MockTransactionRepositoryImpl_TransactionRepository19___find_by_wallet_idNtB5_7Matcher7matches
FN:139,_RNvMs4_NtNtNtNtNtCshYfsMyf1ONS_19transaction_service9use_cases19process_transaction5tests58___mock_MockTransactionRepositoryImpl_TransactionRepository19___find_by_wallet_idNtB5_6Common15called_sequence
FN:139,_RNvMs4_NtNtNtNtNtCshYfsMyf1ONS_19transaction_service9use_cases19process_transaction5tests58___mock_MockTransactionRepositoryImpl_TransactionRepository19___find_by_wallet_idNtB5_6Common16satisfy_sequence
FN:139,_RNvMs4_NtNtNtNtNtCshYfsMyf1ONS_19transaction_service9use_cases19process_transaction5tests58___mock_MockTransactionRepositoryImpl_TransactionRepository19___find_by_wallet_idNtB5_6Common19is_history_sequence
FN:139,_RNvMs4_NtNtNtNtNtCshYfsMyf1ONS_19transaction_service9use_cases19process_transaction5tests58___mock_MockTransactionRepositoryImpl_TransactionRepository19___find_by_wallet_idNtB5_6Common7is_done
FN:139,_RNvMs4_NtNtNtNtNtCshYfsMyf1ONS_19transaction_service9use_cases19process_transaction5tests58___mock_MockTransactionRepositoryImpl_TransactionRepository19___find_by_wallet_idNtB5_6Common7matches
FN:139,_RNvMs6_NtNtNtNtNtCshYfsMyf1ONS_19transaction_service9use_cases19process_transaction5tests58___mock_MockTransactionRepositoryImpl_TransactionRepository19___find_by_wallet_idNtB5_11Expectation4call
FN:139,_RNvMs6_NtNtNtNtNtCshYfsMyf1ONS_19transaction_service9use_cases19process_transaction5tests58___mock_MockTransactionRepositoryImpl_TransactionRepository19___find_by_wallet_idNtB5_11Expectation7is_done
FN:139,_RNvMs6_NtNtNtNtNtCshYfsMyf1ONS_19transaction_service9use_cases19process_transaction5tests58___mock_MockTransactionRepositoryImpl_TransactionRepository19___find_by_wallet_idNtB5_11Expectation7matches
FN:139,_RNvMs8_NtNtNtNtNtCshYfsMyf1ONS_19transaction_service9use_cases19process_transaction5tests58___mock_MockTransactionRepositoryImpl_TransactionRepository19___find_by_wallet_idNtB5_12Expectations3new
FN:139,_RNvMsa_NtNtNtNtNtCshYfsMyf1ONS_19transaction_service9use_cases19process_transaction5tests58___mock_MockTransactionRepositoryImpl_TransactionRepository19___find_by_wallet_idNtB5_12Expectations4call
FN:139,_RNvXs2_NtNtNtNtNtCshYfsMyf1ONS_19transaction_service9use_cases19process_transaction5tests58___mock_MockTransactionRepositoryImpl_TransactionRepository19___find_by_wallet_idNtB5_7MatcherNtNtCs8CEGv8KHL4Y_4core3fmt7Display3fmt
FN:139,_RNvXs9_NtNtNtNtNtCshYfsMyf1ONS_19transaction_service9use_cases19process_transaction5tests58___mock_MockTransactionRepositoryImpl_TransactionRepository19___find_by_wallet_idNtB5_12ExpectationsNtNtCs8CEGv8KHL4Y_4core7default7Default7default
[...]
FNF:11
FNH:0
DA:16,0
DA:17,0
DA:18,0
DA:24,0
DA:34,0
DA:36,0
DA:37,0
DA:40,0
DA:51,0
DA:54,0
DA:55,0
DA:58,0
DA:79,0
DA:82,0
DA:87,0
DA:102,0
DA:104,0
DA:105,0
DA:106,0
DA:107,0
DA:108,0
DA:115,0
BRF:0
BRH:0
LF:22
LH:0
end_of_record
SF:C:\Users\achur\OneDrive\Documents\Programacion\Rust\wallet_project\wallet_service\src\main.rs
FN:57,_RNCNCNvCshvPO1VwxUS0_14wallet_service4main00B5_
FN:66,_RNCNCNvCshvPO1VwxUS0_14wallet_service4main0s0_0B5_
FN:87,_RNCNCNvCshvPO1VwxUS0_14wallet_service4main0s1_0B5_
FN:88,_RNCNCNvCshvPO1VwxUS0_14wallet_service4main0s2_0B5_
FN:58,_RNCNCNvCshvPO1VwxUS0_14wallet_service4main0s_0B5_
FN:24,_RNCNvCshvPO1VwxUS0_14wallet_service4main0B3_
FN:24,_RNvCshvPO1VwxUS0_14wallet_service4main
FNDA:0,_RNCNCNvCshvPO1VwxUS0_14wallet_service4main00B5_
FNDA:0,_RNCNCNvCshvPO1VwxUS0_14wallet_service4main0s0_0B5_
FNDA:0,_RNCNCNvCshvPO1VwxUS0_14wallet_service4main0s1_0B5_
FNDA:0,_RNCNCNvCshvPO1VwxUS0_14wallet_service4main0s2_0B5_
FNDA:0,_RNCNCNvCshvPO1VwxUS0_14wallet_service4main0s_0B5_
FNDA:0,_RNCNvCshvPO1VwxUS0_14wallet_service4main0B3_
FNDA:0,_RNvCshvPO1VwxUS0_14wallet_service4main
FNF:7
FNH:0
DA:24,0
DA:26,0
DA:29,0
DA:30,0
DA:31,0
DA:32,0
DA:34,0
DA:37,0
DA:38,0
DA:39,0
DA:40,0
DA:41,0
DA:43,0
DA:46,0
DA:47,0
DA:50,0
DA:51,0
DA:52,0
DA:53,0
DA:54,0
DA:57,0
DA:58,0
DA:59,0
DA:61,0
DA:63,0
DA:66,0
DA:67,0
DA:68,0
DA:69,0
DA:70,0
DA:72,0
DA:73,0
DA:74,0
DA:77,0
DA:78,0
DA:79,0
DA:80,0
DA:81,0
DA:82,0
DA:85,0
DA:87,0
DA:88,0
DA:89,0
DA:91,0
DA:93,0
DA:94,0
DA:96,0
DA:97,0
BRF:0
BRH:0
LF:55
LH:0
end_of_record
SF:C:\Users\achur\OneDrive\Documents\Programacion\Rust\wallet_project\wallet_service\src\use_cases\create_user.rs
FN:37,_RNCNvMNtNtCs3vF0X2Sy9Kl_14wallet_service9use_cases11create_userNtB4_17CreateUserUseCase7execute0B8_
FN:71,_RNCNCNvNtNtNtCs3vF0X2Sy9Kl_14wallet_service9use_cases11create_user5testss_24test_create_user_success0s_0Bb_
FN:145,_RNCNCNvNtNtNtCs3vF0X2Sy9Kl_14wallet_service9use_cases11create_user5testss_43test_create_user_repository_error_on_exists00Bb_
FN:57,_RNCNvNtNtNtCs3vF0X2Sy9Kl_14wallet_service9use_cases11create_user5testss_24test_create_user_success0B9_
FN:109,_RNCNvNtNtNtCs3vF0X2Sy9Kl_14wallet_service9use_cases11create_user5testss_29test_create_user_invalid_data0B9_
FN:84,_RNCNvNtNtNtCs3vF0X2Sy9Kl_14wallet_service9use_cases11create_user5testss_31test_create_user_username_taken0B9_
FN:134,_RNCNvNtNtNtCs3vF0X2Sy9Kl_14wallet_service9use_cases11create_user5testss_43test_create_user_repository_error_on_exists0B9_
FN:19,_RNvMNtNtCs3vF0X2Sy9Kl_14wallet_service9use_cases11create_userNtB2_17CreateUserUseCase3new
FN:37,_RNvMNtNtCs3vF0X2Sy9Kl_14wallet_service9use_cases11create_userNtB2_17CreateUserUseCase7execute
FN:57,_RNvNtNtNtCs3vF0X2Sy9Kl_14wallet_service9use_cases11create_user5testss_24test_create_user_success
FN:109,_RNvNtNtNtCs3vF0X2Sy9Kl_14wallet_service9use_cases11create_user5testss_29test_create_user_invalid_data
FN:84,_RNvNtNtNtCs3vF0X2Sy9Kl_14wallet_service9use_cases11create_user5testss_31test_create_user_username_taken
FN:134,_RNvNtNtNtCs3vF0X2Sy9Kl_14wallet_service9use_cases11create_user5testss_43test_create_user_repository_error_on_exists
FNDA:4,_RNCNvMNtNtCs3vF0X2Sy9Kl_14wallet_service9use_cases11create_userNtB4_17CreateUserUseCase7execute0B8_
FNDA:1,_RNCNCNvNtNtNtCs3vF0X2Sy9Kl_14wallet_service9use_cases11create_user5testss_24test_create_user_success0s_0Bb_
FNDA:1,_RNCNCNvNtNtNtCs3vF0X2Sy9Kl_14wallet_service9use_cases11create_user5testss_43test_create_user_repository_error_on_exists00Bb_
FNDA:1,_RNCNvNtNtNtCs3vF0X2Sy9Kl_14wallet_service9use_cases11create_user5testss_24test_create_user_success0B9_
FNDA:1,_RNCNvNtNtNtCs3vF0X2Sy9Kl_14wallet_service9use_cases11create_user5testss_29test_create_user_invalid_data0B9_
FNDA:1,_RNCNvNtNtNtCs3vF0X2Sy9Kl_14wallet_service9use_cases11create_user5testss_31test_create_user_username_taken0B9_
FNDA:1,_RNCNvNtNtNtCs3vF0X2Sy9Kl_14wallet_service9use_cases11create_user5testss_43test_create_user_repository_error_on_exists0B9_
FNDA:4,_RNvMNtNtCs3vF0X2Sy9Kl_14wallet_service9use_cases11create_userNtB2_17CreateUserUseCase3new
FNDA:4,_RNvMNtNtCs3vF0X2Sy9Kl_14wallet_service9use_cases11create_userNtB2_17CreateUserUseCase7execute
FNDA:1,_RNvNtNtNtCs3vF0X2Sy9Kl_14wallet_service9use_cases11create_user5testss_24test_create_user_success
FNDA:1,_RNvNtNtNtCs3vF0X2Sy9Kl_14wallet_service9use_cases11create_user5testss_29test_create_user_invalid_data
FNDA:1,_RNvNtNtNtCs3vF0X2Sy9Kl_14wallet_service9use_cases11create_user5testss_31test_create_user_username_taken
FNDA:1,_RNvNtNtNtCs3vF0X2Sy9Kl_14wallet_service9use_cases11create_user5testss_43test_create_user_repository_error_on_exists
FNF:13
FNH:13
DA:19,4
DA:20,4
DA:21,4
DA:37,4
DA:39,4
DA:40,1
DA:41,2
DA:44,2
DA:47,1
DA:48,4
DA:57,1
DA:58,1
DA:60,1
DA:61,1
DA:64,1
DA:65,1
DA:66,1
DA:67,1
DA:68,1
DA:71,1
DA:73,1
DA:75,1
DA:77,1
DA:78,1
DA:79,1
DA:80,1
DA:81,1
DA:84,1
DA:85,1
DA:87,1
DA:88,1
DA:91,1
DA:92,1
DA:93,1
DA:94,1
DA:95,1
DA:97,1
DA:99,1
DA:101,1
DA:102,1
DA:103,1
DA:104,1
DA:105,1
DA:106,1
DA:109,1
DA:110,1
DA:112,1
DA:113,1
DA:116,1
DA:117,1
DA:118,1
DA:119,1
DA:120,1
DA:122,1
DA:124,1
DA:126,1
DA:127,1
DA:128,1
DA:129,1
DA:130,1
DA:131,1
DA:134,1
DA:135,1
DA:137,1
DA:138,1
DA:141,1
DA:142,1
DA:143,1
DA:144,1
DA:145,1
DA:147,1
DA:149,1
DA:151,1
DA:152,1
DA:153,1
DA:154,1
DA:155,1
DA:156,1
BRF:0
BRH:0
LF:95
LH:92
end_of_record
SF:C:\Users\achur\OneDrive\Documents\Programacion\Rust\wallet_project\wallet_service\src\use_cases\create_wallet.rs
FN:62,_RNvNtNtNtCs3vF0X2Sy9Kl_14wallet_service9use_cases13create_wallet5testss_26test_create_wallet_success
FN:98,_RNvNtNtNtCs3vF0X2Sy9Kl_14wallet_service9use_cases13create_wallet5testss_33test_create_wallet_user_not_found
FN:120,_RNvNtNtNtCs3vF0X2Sy9Kl_14wallet_service9use_cases13create_wallet5testss_35test_create_wallet_invalid_currency
FN:16,_RNvMNtNtCs3vF0X2Sy9Kl_14wallet_service9use_cases13create_walletNtB2_19CreateWalletUseCase3new
FN:26,_RNvMNtNtCs3vF0X2Sy9Kl_14wallet_service9use_cases13create_walletNtB2_19CreateWalletUseCase7execute
FN:36,_RNCNCNvMNtNtCs3vF0X2Sy9Kl_14wallet_service9use_cases13create_walletNtB6_19CreateWalletUseCase7execute00Ba_
FN:31,_RNCNvMNtNtCs3vF0X2Sy9Kl_14wallet_service9use_cases13create_walletNtB4_19CreateWalletUseCase7execute0B8_
FN:71,_RNCNCNvNtNtNtCs3vF0X2Sy9Kl_14wallet_service9use_cases13create_wallet5testss_26test_create_wallet_success00Bb_
FN:81,_RNCNCNvNtNtNtCs3vF0X2Sy9Kl_14wallet_service9use_cases13create_wallet5testss_26test_create_wallet_success0s_0Bb_
FN:107,_RNCNCNvNtNtNtCs3vF0X2Sy9Kl_14wallet_service9use_cases13create_wallet5testss_33test_create_wallet_user_not_found00Bb_
FN:128,_RNCNCNvNtNtNtCs3vF0X2Sy9Kl_14wallet_service9use_cases13create_wallet5testss_35test_create_wallet_invalid_currency00Bb_
FN:62,_RNCNvNtNtNtCs3vF0X2Sy9Kl_14wallet_service9use_cases13create_wallet5testss_26test_create_wallet_success0B9_
FN:98,_RNCNvNtNtNtCs3vF0X2Sy9Kl_14wallet_service9use_cases13create_wallet5testss_33test_create_wallet_user_not_found0B9_
FN:120,_RNCNvNtNtNtCs3vF0X2Sy9Kl_14wallet_service9use_cases13create_wallet5testss_35test_create_wallet_invalid_currency0B9_
FNDA:1,_RNvNtNtNtCs3vF0X2Sy9Kl_14wallet_service9use_cases13create_wallet5testss_26test_create_wallet_success
FNDA:1,_RNvNtNtNtCs3vF0X2Sy9Kl_14wallet_service9use_cases13create_wallet5testss_33test_create_wallet_user_not_found
FNDA:1,_RNvNtNtNtCs3vF0X2Sy9Kl_14wallet_service9use_cases13create_wallet5testss_35test_create_wallet_invalid_currency
FNDA:3,_RNvMNtNtCs3vF0X2Sy9Kl_14wallet_service9use_cases13create_walletNtB2_19CreateWalletUseCase3new
FNDA:3,_RNvMNtNtCs3vF0X2Sy9Kl_14wallet_service9use_cases13create_walletNtB2_19CreateWalletUseCase7execute
FNDA:0,_RNCNCNvMNtNtCs3vF0X2Sy9Kl_14wallet_service9use_cases13create_walletNtB6_19CreateWalletUseCase7execute00Ba_
FNDA:3,_RNCNvMNtNtCs3vF0X2Sy9Kl_14wallet_service9use_cases13create_walletNtB4_19CreateWalletUseCase7execute0B8_
FNDA:1,_RNCNCNvNtNtNtCs3vF0X2Sy9Kl_14wallet_service9use_cases13create_wallet5testss_26test_create_wallet_success00Bb_
FNDA:1,_RNCNCNvNtNtNtCs3vF0X2Sy9Kl_14wallet_service9use_cases13create_wallet5testss_26test_create_wallet_success0s_0Bb_
FNDA:1,_RNCNCNvNtNtNtCs3vF0X2Sy9Kl_14wallet_service9use_cases13create_wallet5testss_33test_create_wallet_user_not_found00Bb_
FNDA:1,_RNCNCNvNtNtNtCs3vF0X2Sy9Kl_14wallet_service9use_cases13create_wallet5testss_35test_create_wallet_invalid_currency00Bb_
FNDA:1,_RNCNvNtNtNtCs3vF0X2Sy9Kl_14wallet_service9use_cases13create_wallet5testss_26test_create_wallet_success0B9_
FNDA:1,_RNCNvNtNtNtCs3vF0X2Sy9Kl_14wallet_service9use_cases13create_wallet5testss_33test_create_wallet_user_not_found0B9_
FNDA:1,_RNCNvNtNtNtCs3vF0X2Sy9Kl_14wallet_service9use_cases13create_wallet5testss_35test_create_wallet_invalid_currency0B9_
FNF:14
FNH:13
DA:16,3
DA:17,3
DA:18,3
DA:19,3
DA:20,3
DA:21,3
DA:26,3
DA:27,3
DA:28,3
DA:29,3
DA:30,3
DA:31,3
DA:32,3
DA:33,3
DA:34,3
DA:35,3
DA:36,3
DA:38,3
DA:39,1
DA:40,2
DA:43,2
DA:44,2
DA:45,2
DA:46,2
DA:47,2
DA:49,1
DA:50,3
DA:62,1
DA:63,1
DA:64,1
DA:65,1
DA:68,1
DA:69,1
DA:70,1
DA:71,1
DA:72,1
DA:73,1
DA:74,1
DA:75,1
DA:76,1
DA:77,1
DA:78,1
DA:81,1
DA:83,1
DA:84,1
DA:86,1
DA:87,1
DA:88,1
DA:90,1
DA:91,1
DA:92,1
DA:93,1
DA:94,1
DA:95,1
DA:98,1
DA:99,1
DA:100,1
DA:101,1
DA:104,1
DA:105,1
DA:106,1
DA:107,1
DA:109,1
DA:110,1
DA:112,1
DA:113,1
DA:114,1
DA:116,1
DA:117,1
DA:120,1
DA:121,1
DA:122,1
DA:123,1
DA:125,1
DA:126,1
DA:127,1
DA:128,1
DA:129,1
DA:130,1
DA:131,1
DA:132,1
DA:133,1
DA:134,1
DA:135,1
DA:137,1
DA:138,1
DA:141,1
DA:142,1
DA:143,1
DA:145,1
DA:146,1
BRF:0
BRH:0
LF:103
LH:102
end_of_record
SF:C:\Users\achur\OneDrive\Documents\Programacion\Rust\wallet_project\wallet_service\src\use_cases\get_user_wallets.rs
FN:34,_RNCNvMNtNtCs3vF0X2Sy9Kl_14wallet_service9use_cases16get_user_walletsNtB4_17GetWalletsUseCase7execute0B8_
FN:53,_RNCNCNvNtNtNtCs3vF0X2Sy9Kl_14wallet_service9use_cases16get_user_wallets5testss_30test_get_wallets_success_empty00Bb_
FN:108,_RNCNCNvNtNtNtCs3vF0X2Sy9Kl_14wallet_service9use_cases16get_user_wallets5testss_33test_get_wallets_repository_error00Bb_
FN:72,_RNCNCNvNtNtNtCs3vF0X2Sy9Kl_14wallet_service9use_cases16get_user_wallets5testss_35test_get_wallets_success_with_items00Bb_
FN:45,_RNCNvNtNtNtCs3vF0X2Sy9Kl_14wallet_service9use_cases16get_user_wallets5testss_30test_get_wallets_success_empty0B9_
FN:100,_RNCNvNtNtNtCs3vF0X2Sy9Kl_14wallet_service9use_cases16get_user_wallets5testss_33test_get_wallets_repository_error0B9_
FN:64,_RNCNvNtNtNtCs3vF0X2Sy9Kl_14wallet_service9use_cases16get_user_wallets5testss_35test_get_wallets_success_with_items0B9_
FN:45,_RNvNtNtNtCs3vF0X2Sy9Kl_14wallet_service9use_cases16get_user_wallets5testss_30test_get_wallets_success_empty
FN:100,_RNvNtNtNtCs3vF0X2Sy9Kl_14wallet_service9use_cases16get_user_wallets5testss_33test_get_wallets_repository_error
FN:64,_RNvNtNtNtCs3vF0X2Sy9Kl_14wallet_service9use_cases16get_user_wallets5testss_35test_get_wallets_success_with_items
FN:19,_RNvMNtNtCs3vF0X2Sy9Kl_14wallet_service9use_cases16get_user_walletsNtB2_17GetWalletsUseCase3new
FN:34,_RNvMNtNtCs3vF0X2Sy9Kl_14wallet_service9use_cases16get_user_walletsNtB2_17GetWalletsUseCase7execute
FNDA:3,_RNCNvMNtNtCs3vF0X2Sy9Kl_14wallet_service9use_cases16get_user_walletsNtB4_17GetWalletsUseCase7execute0B8_
FNDA:1,_RNCNCNvNtNtNtCs3vF0X2Sy9Kl_14wallet_service9use_cases16get_user_wallets5testss_30test_get_wallets_success_empty00Bb_
FNDA:1,_RNCNCNvNtNtNtCs3vF0X2Sy9Kl_14wallet_service9use_cases16get_user_wallets5testss_33test_get_wallets_repository_error00Bb_
FNDA:1,_RNCNCNvNtNtNtCs3vF0X2Sy9Kl_14wallet_service9use_cases16get_user_wallets5testss_35test_get_wallets_success_with_items00Bb_
FNDA:1,_RNCNvNtNtNtCs3vF0X2Sy9Kl_14wallet_service9use_cases16get_user_wallets5testss_30test_get_wallets_success_empty0B9_
FNDA:1,_RNCNvNtNtNtCs3vF0X2Sy9Kl_14wallet_service9use_cases16get_user_wallets5testss_33test_get_wallets_repository_error0B9_
FNDA:1,_RNCNvNtNtNtCs3vF0X2Sy9Kl_14wallet_service9use_cases16get_user_wallets5testss_35test_get_wallets_success_with_items0B9_
FNDA:1,_RNvNtNtNtCs3vF0X2Sy9Kl_14wallet_service9use_cases16get_user_wallets5testss_30test_get_wallets_success_empty
FNDA:1,_RNvNtNtNtCs3vF0X2Sy9Kl_14wallet_service9use_cases16get_user_wallets5testss_33test_get_wallets_repository_error
FNDA:1,_RNvNtNtNtCs3vF0X2Sy9Kl_14wallet_service9use_cases16get_user_wallets5testss_35test_get_wallets_success_with_items
FNDA:3,_RNvMNtNtCs3vF0X2Sy9Kl_14wallet_service9use_cases16get_user_walletsNtB2_17GetWalletsUseCase3new
FNDA:3,_RNvMNtNtCs3vF0X2Sy9Kl_14wallet_service9use_cases16get_user_walletsNtB2_17GetWalletsUseCase7execute
FNF:12
FNH:12
DA:19,3
DA:20,3
DA:21,3
DA:34,3
DA:36,3
DA:45,1
DA:46,1
DA:47,1
DA:49,1
DA:50,1
DA:51,1
DA:52,1
DA:53,1
DA:55,1
DA:56,1
DA:58,1
DA:59,1
DA:60,1
DA:61,1
DA:64,1
DA:65,1
DA:66,1
DA:68,1
DA:69,1
DA:70,1
DA:71,1
DA:72,1
DA:73,1
DA:74,1
DA:75,1
DA:76,1
DA:77,1
DA:78,1
DA:79,1
DA:80,1
DA:81,1
DA:82,1
DA:83,1
DA:84,1
DA:85,1
DA:86,1
DA:87,1
DA:89,1
DA:90,1
DA:92,1
DA:93,1
DA:94,1
DA:95,1
DA:96,1
DA:97,1
DA:100,1
DA:101,1
DA:102,1
DA:104,1
DA:105,1
DA:106,1
DA:107,1
DA:108,1
DA:110,1
DA:111,1
DA:113,1
DA:114,1
DA:115,1
DA:116,1
DA:117,1
DA:118,1
BRF:0
BRH:0
LF:78
LH:77
end_of_record
SF:C:\Users\achur\OneDrive\Documents\Programacion\Rust\wallet_project\wallet_service\src\use_cases\get_wallet.rs
FN:49,_RNvNtNtNtCs3vF0X2Sy9Kl_14wallet_service9use_cases10get_wallet5testss_23test_get_wallet_success
FN:79,_RNvNtNtNtCs3vF0X2Sy9Kl_14wallet_service9use_cases10get_wallet5testss_25test_get_wallet_not_found
FN:100,_RNvNtNtNtCs3vF0X2Sy9Kl_14wallet_service9use_cases10get_wallet5testss_32test_get_wallet_repository_error
FN:20,_RNvMNtNtCs3vF0X2Sy9Kl_14wallet_service9use_cases10get_walletNtB2_16GetWalletUseCase3new
FN:35,_RNvMNtNtCs3vF0X2Sy9Kl_14wallet_service9use_cases10get_walletNtB2_16GetWalletUseCase7execute
FN:58,_RNCNCNvNtNtNtCs3vF0X2Sy9Kl_14wallet_service9use_cases10get_wallet5testss_23test_get_wallet_success00Bb_
FN:87,_RNCNCNvNtNtNtCs3vF0X2Sy9Kl_14wallet_service9use_cases10get_wallet5testss_25test_get_wallet_not_found00Bb_
FN:108,_RNCNCNvNtNtNtCs3vF0X2Sy9Kl_14wallet_service9use_cases10get_wallet5testss_32test_get_wallet_repository_error00Bb_
FN:49,_RNCNvNtNtNtCs3vF0X2Sy9Kl_14wallet_service9use_cases10get_wallet5testss_23test_get_wallet_success0B9_
FN:79,_RNCNvNtNtNtCs3vF0X2Sy9Kl_14wallet_service9use_cases10get_wallet5testss_25test_get_wallet_not_found0B9_
FN:100,_RNCNvNtNtNtCs3vF0X2Sy9Kl_14wallet_service9use_cases10get_wallet5testss_32test_get_wallet_repository_error0B9_
FN:35,_RNCNvMNtNtCs3vF0X2Sy9Kl_14wallet_service9use_cases10get_walletNtB4_16GetWalletUseCase7execute0B8_
FNDA:1,_RNvNtNtNtCs3vF0X2Sy9Kl_14wallet_service9use_cases10get_wallet5testss_23test_get_wallet_success
FNDA:1,_RNvNtNtNtCs3vF0X2Sy9Kl_14wallet_service9use_cases10get_wallet5testss_25test_get_wallet_not_found
FNDA:1,_RNvNtNtNtCs3vF0X2Sy9Kl_14wallet_service9use_cases10get_wallet5testss_32test_get_wallet_repository_error
FNDA:3,_RNvMNtNtCs3vF0X2Sy9Kl_14wallet_service9use_cases10get_walletNtB2_16GetWalletUseCase3new
FNDA:3,_RNvMNtNtCs3vF0X2Sy9Kl_14wallet_service9use_cases10get_walletNtB2_16GetWalletUseCase7execute
FNDA:1,_RNCNCNvNtNtNtCs3vF0X2Sy9Kl_14wallet_service9use_cases10get_wallet5testss_23test_get_wallet_success00Bb_
FNDA:1,_RNCNCNvNtNtNtCs3vF0X2Sy9Kl_14wallet_service9use_cases10get_wallet5testss_25test_get_wallet_not_found00Bb_
FNDA:1,_RNCNCNvNtNtNtCs3vF0X2Sy9Kl_14wallet_service9use_cases10get_wallet5testss_32test_get_wallet_repository_error00Bb_
FNDA:1,_RNCNvNtNtNtCs3vF0X2Sy9Kl_14wallet_service9use_cases10get_wallet5testss_23test_get_wallet_success0B9_
FNDA:1,_RNCNvNtNtNtCs3vF0X2Sy9Kl_14wallet_service9use_cases10get_wallet5testss_25test_get_wallet_not_found0B9_
FNDA:1,_RNCNvNtNtNtCs3vF0X2Sy9Kl_14wallet_service9use_cases10get_wallet5testss_32test_get_wallet_repository_error0B9_
FNDA:3,_RNCNvMNtNtCs3vF0X2Sy9Kl_14wallet_service9use_cases10get_walletNtB4_16GetWalletUseCase7execute0B8_
FNF:12
FNH:12
DA:20,3
DA:21,3
DA:22,3
DA:35,3
DA:40,3
DA:49,1
DA:50,1
DA:51,1
DA:52,1
DA:54,1
DA:55,1
DA:56,1
DA:57,1
DA:58,1
DA:59,1
DA:60,1
DA:61,1
DA:62,1
DA:63,1
DA:64,1
DA:65,1
DA:66,1
DA:67,1
DA:69,1
DA:70,1
DA:72,1
DA:73,1
DA:74,1
DA:75,1
DA:76,1
DA:79,1
DA:80,1
DA:81,1
DA:83,1
DA:84,1
DA:85,1
DA:86,1
DA:87,1
DA:89,1
DA:90,1
DA:92,1
DA:93,1
DA:94,1
DA:95,1
DA:96,1
DA:97,1
DA:100,1
DA:101,1
DA:102,1
DA:104,1
DA:105,1
DA:106,1
DA:107,1
DA:108,1
DA:110,1
DA:111,1
DA:113,1
DA:114,1
DA:115,1
DA:116,1
DA:117,1
DA:118,1
BRF:0
BRH:0
LF:76
LH:74
end_of_record
SF:C:\Users\achur\OneDrive\Documents\Programacion\Rust\wallet_project\wallet_service\src\use_cases\process_movement.rs
FN:20,_RNvMNtNtCs3vF0X2Sy9Kl_14wallet_service9use_cases16process_movementNtB2_22ProcessMovementUseCase3new
FN:40,_RNvMNtNtCs3vF0X2Sy9Kl_14wallet_service9use_cases16process_movementNtB2_22ProcessMovementUseCase7execute
FN:44,_RNCNvMNtNtCs3vF0X2Sy9Kl_14wallet_service9use_cases16process_movementNtB4_22ProcessMovementUseCase7execute0B8_
FN:57,_RNvNtNtNtCs3vF0X2Sy9Kl_14wallet_service9use_cases16process_movement5testss_29test_process_movement_success
FN:78,_RNvNtNtNtCs3vF0X2Sy9Kl_14wallet_service9use_cases16process_movement5testss_31test_process_movement_not_found
FN:103,_RNvNtNtNtCs3vF0X2Sy9Kl_14wallet_service9use_cases16process_movement5testss_40test_process_movement_insufficient_funds
FN:69,_RNCNCNvNtNtNtCs3vF0X2Sy9Kl_14wallet_service9use_cases16process_movement5testss_29test_process_movement_success00Bb_
FN:90,_RNCNCNvNtNtNtCs3vF0X2Sy9Kl_14wallet_service9use_cases16process_movement5testss_31test_process_movement_not_found00Bb_
FN:115,_RNCNCNvNtNtNtCs3vF0X2Sy9Kl_14wallet_service9use_cases16process_movement5testss_40test_process_movement_insufficient_funds00Bb_
FN:57,_RNCNvNtNtNtCs3vF0X2Sy9Kl_14wallet_service9use_cases16process_movement5testss_29test_process_movement_success0B9_
FN:78,_RNCNvNtNtNtCs3vF0X2Sy9Kl_14wallet_service9use_cases16process_movement5testss_31test_process_movement_not_found0B9_
FN:103,_RNCNvNtNtNtCs3vF0X2Sy9Kl_14wallet_service9use_cases16process_movement5testss_40test_process_movement_insufficient_funds0B9_
FNDA:3,_RNvMNtNtCs3vF0X2Sy9Kl_14wallet_service9use_cases16process_movementNtB2_22ProcessMovementUseCase3new
FNDA:3,_RNvMNtNtCs3vF0X2Sy9Kl_14wallet_service9use_cases16process_movementNtB2_22ProcessMovementUseCase7execute
FNDA:3,_RNCNvMNtNtCs3vF0X2Sy9Kl_14wallet_service9use_cases16process_movementNtB4_22ProcessMovementUseCase7execute0B8_
FNDA:1,_RNvNtNtNtCs3vF0X2Sy9Kl_14wallet_service9use_cases16process_movement5testss_29test_process_movement_success
FNDA:1,_RNvNtNtNtCs3vF0X2Sy9Kl_14wallet_service9use_cases16process_movement5testss_31test_process_movement_not_found
FNDA:1,_RNvNtNtNtCs3vF0X2Sy9Kl_14wallet_service9use_cases16process_movement5testss_40test_process_movement_insufficient_funds
FNDA:1,_RNCNCNvNtNtNtCs3vF0X2Sy9Kl_14wallet_service9use_cases16process_movement5testss_29test_process_movement_success00Bb_
FNDA:1,_RNCNCNvNtNtNtCs3vF0X2Sy9Kl_14wallet_service9use_cases16process_movement5testss_31test_process_movement_not_found00Bb_
FNDA:1,_RNCNCNvNtNtNtCs3vF0X2Sy9Kl_14wallet_service9use_cases16process_movement5testss_40test_process_movement_insufficient_funds00Bb_
FNDA:1,_RNCNvNtNtNtCs3vF0X2Sy9Kl_14wallet_service9use_cases16process_movement5testss_29test_process_movement_success0B9_
FNDA:1,_RNCNvNtNtNtCs3vF0X2Sy9Kl_14wallet_service9use_cases16process_movement5testss_31test_process_movement_not_found0B9_
FNDA:1,_RNCNvNtNtNtCs3vF0X2Sy9Kl_14wallet_service9use_cases16process_movement5testss_40test_process_movement_insufficient_funds0B9_
FNF:12
FNH:12
DA:20,3
DA:21,3
DA:22,3
DA:40,3
DA:41,3
DA:42,3
DA:43,3
DA:44,3
DA:46,3
DA:57,1
DA:58,1
DA:59,1
DA:60,1
DA:62,1
DA:63,1
DA:64,1
DA:65,1
DA:66,1
DA:67,1
DA:68,1
DA:69,1
DA:71,1
DA:72,1
DA:74,1
DA:75,1
DA:78,1
DA:79,1
DA:80,1
DA:81,1
DA:83,1
DA:84,1
DA:85,1
DA:86,1
DA:87,1
DA:88,1
DA:89,1
DA:90,1
DA:92,1
DA:93,1
DA:95,1
DA:96,1
DA:97,1
DA:98,1
DA:99,1
DA:100,1
DA:103,1
DA:104,1
DA:105,1
DA:106,1
DA:108,1
DA:109,1
DA:110,1
DA:111,1
DA:112,1
DA:113,1
DA:114,1
DA:115,1
DA:117,1
DA:118,1
DA:120,1
DA:121,1
DA:122,1
DA:123,1
DA:124,1
DA:125,1
BRF:0
BRH:0
LF:79
LH:77
end_of_record